#
# A fatal error has been detected by the Java Runtime Environment:
#
#  EXCEPTION_ACCESS_VIOLATION (0xc0000005) at pc=0x0000000180005b00, pid=5360, tid=13744
#
# JRE version: Java(TM) SE Runtime Environment (13.0+33) (build 13-ea+33)
# Java VM: Java HotSpot(TM) 64-Bit Server VM (13-ea+33, mixed mode, sharing, tiered, compressed oops, g1 gc, windows-amd64)
# Problematic frame:
# C  [rxtxSerial.dll+0x5b00]
#
# No core dump will be written. Minidumps are not enabled by default on client versions of Windows
#
# If you would like to submit a bug report, please visit:
#   http://bugreport.java.com/bugreport/crash.jsp
# The crash happened outside the Java Virtual Machine in native code.
# See problematic frame for where to report the bug.
#

---------------  S U M M A R Y ------------

Command Line: -Dfile.encoding=UTF-8 --module-path=C:\Users\user\Documents\NetBeansProjects\CALCULATOR\build\classes calculator.CALCULATOR

Host: Intel(R) Core(TM) i7-7700HQ CPU @ 2.80GHz, 8 cores, 7G,  Windows 10 , 64 bit Build 18362 (10.0.18362.329)
Time: Tue Nov 26 14:13:24 2019 India Standard Time elapsed time: 1 seconds (0d 0h 0m 1s)

---------------  T H R E A D  ---------------

Current thread (0x000001ef7f6f2000):  JavaThread "Thread-0" [_thread_in_native, id=13744, stack(0x000000b5dfb00000,0x000000b5dfc00000)]

Stack: [0x000000b5dfb00000,0x000000b5dfc00000],  sp=0x000000b5dfbfe110,  free space=1016k
Native frames: (J=compiled Java code, j=interpreted, Vv=VM code, C=native code)
C  [rxtxSerial.dll+0x5b00]

Java frames: (J=compiled Java code, j=interpreted, Vv=VM code)
j  gnu.io.RXTXPort.readArray([BII)I+0
j  gnu.io.RXTXPort$SerialInputStream.read([BII)I+212
j  sun.nio.cs.StreamDecoder.readBytes()I+135 java.base@13-ea
j  sun.nio.cs.StreamDecoder.implRead([CII)I+112 java.base@13-ea
j  sun.nio.cs.StreamDecoder.read([CII)I+180 java.base@13-ea
j  java.io.InputStreamReader.read([CII)I+7 java.base@13-ea
j  java.io.BufferedReader.fill()V+145 java.base@13-ea
j  java.io.BufferedReader.readLine(Z)Ljava/lang/String;+44 java.base@13-ea
j  java.io.BufferedReader.readLine()Ljava/lang/String;+2 java.base@13-ea
j  calculator.CALCULATOR.serialEvent(Lgnu/io/SerialPortEvent;)V+12
j  gnu.io.RXTXPort.sendEvent(IZ)Z+382
v  ~StubRoutines::call_stub
j  gnu.io.RXTXPort.eventLoop()V+0
j  gnu.io.RXTXPort$MonitorThread.run()V+12
v  ~StubRoutines::call_stub

siginfo: EXCEPTION_ACCESS_VIOLATION (0xc0000005), reading address 0xffffffffdfbfef58


Register to memory mapping:

RIP=0x0000000180005b00 rxtxSerial.dll
RAX=0x0000000000000001 is an unknown value
RBX=0x0 is NULL
RCX=0x000000018001d4d5 rxtxSerial.dll
RDX=0xfffffffffffff665 is an unknown value
RSP=0x000000b5dfbfe110 is pointing into the stack for thread: 0x000001ef7f6f2000
RBP=
[error occurred during error reporting (printing register info), id 0xc0000005, EXCEPTION_ACCESS_VIOLATION (0xc0000005) at pc=0x00007ff883fa871f]

Registers:
RAX=0x0000000000000001, RBX=0x0000000000000000, RCX=0x000000018001d4d5, RDX=0xfffffffffffff665
RSP=0x000000b5dfbfe110, RBP=0x00000000ffffffff, RSI=0x0000000000000000, RDI=0x000001ef7f6f2310
R8 =0x0000000000000002, R9 =0xfffffffffffff63c, R10=0x00007ff884081eb0, R11=0x8101010101010100
R12=0xffffffffdfbfef50, R13=0x0000000000000020, R14=0x000000b5dfbfe300, R15=0x0000000000000000
RIP=0x0000000180005b00, EFLAGS=0x0000000000010202

Top of Stack: (sp=0x000000b5dfbfe110)
0x000000b5dfbfe110:   0000000000000000 ffffffffdfbfef50
0x000000b5dfbfe120:   0000000000000000 000001ef7f6f2310
0x000000b5dfbfe130:   0000000000000000 000000b5dfbfe300
0x000000b5dfbfe140:   000001ef7f0582c0 0000000000000001
0x000000b5dfbfe150:   000001ef7f6f2310 0000000000000020
0x000000b5dfbfe160:   ffffffffffffffff 0000000180006211
0x000000b5dfbfe170:   000001ef7f6ed900 ffffffffffffffff
0x000000b5dfbfe180:   0000000000000001 000001ef7f6ed900
0x000000b5dfbfe190:   000001ef00000020 00007ff8ffffffff
0x000000b5dfbfe1a0:   000000b5dfbfe308 000000b5dfbfe308
0x000000b5dfbfe1b0:   000001ef7f6f2000 000000b5dfbfe308
0x000000b5dfbfe1c0:   000000b5dfbfe2d0 00007ff88403b0c7
0x000000b5dfbfe1d0:   000000b5dfbfe1f0 000001ef7f6f2000
0x000000b5dfbfe1e0:   000000000014ab34 0000a6c11d84a3c9
0x000000b5dfbfe1f0:   000001ef7f0582c8 000001ef7f0582c0
0x000000b5dfbfe200:   000001ef7f6f2000 000000b5dfbfe308 

Instructions: (pc=0x0000000180005b00)
0x0000000180005a00:   5d c3 cc cc cc cc cc cc cc cc cc cc cc cc cc cc
0x0000000180005a10:   48 89 5c 24 08 4c 89 4c 24 20 44 89 44 24 18 55
0x0000000180005a20:   56 57 41 54 41 55 41 56 41 57 48 83 ec 20 48 8b
0x0000000180005a30:   2a 48 8b 01 33 db 48 8b d5 48 8b f9 44 8b fb 8b
0x0000000180005a40:   f3 ff 90 f8 00 00 00 4c 8d 0d 9e 70 01 00 4c 8b
0x0000000180005a50:   e0 48 8b 07 4c 8d 05 b5 70 01 00 49 8b d4 48 8b
0x0000000180005a60:   cf ff 90 f0 02 00 00 48 8b cf 4c 8b c0 48 85 c0
0x0000000180005a70:   48 8b 07 75 28 ff 90 80 00 00 00 4c 8b 1f 48 8b
0x0000000180005a80:   cf 41 ff 93 88 00 00 00 4c 8b 1f 49 8b d4 48 8b
0x0000000180005a90:   cf 41 ff 93 b8 00 00 00 4c 8b e3 eb 54 48 8b d5
0x0000000180005aa0:   ff 90 20 03 00 00 49 8b d4 48 8b cf 48 63 e8 48
0x0000000180005ab0:   8b 07 ff 90 b8 00 00 00 48 8d 15 51 70 01 00 48
0x0000000180005ac0:   8d 0d 0e 7a 01 00 41 b8 02 00 00 00 e8 6f 62 00
0x0000000180005ad0:   00 85 c0 75 19 85 ed 75 15 e8 c2 5e 00 00 48 8d
0x0000000180005ae0:   15 23 7a 01 00 48 8d 48 60 e8 3a 5d 00 00 4c 8b
0x0000000180005af0:   e5 8b ac 24 88 00 00 00 44 8b ac 24 80 00 00 00
0x0000000180005b00:   45 8b 74 24 08 41 89 5c 24 08 41 8b fd 85 ed 78
0x0000000180005b10:   09 ff 15 e9 14 01 00 44 8b f8 45 85 ed 7e 4a 90
0x0000000180005b20:   8b c6 ff c6 83 f8 14 7d 40 85 ed 78 0d ff 15 cd
0x0000000180005b30:   14 01 00 41 2b c7 3b c5 7d 2f 8b 4c 24 70 48 63
0x0000000180005b40:   d3 44 8b c7 48 03 54 24 78 e8 a2 31 00 00 85 c0
0x0000000180005b50:   78 33 74 06 03 d8 2b f8 eb 0a b9 e8 03 00 00 e8
0x0000000180005b60:   1c 1c 00 00 41 3b dd 7c b7 8b c3 45 89 74 24 08
0x0000000180005b70:   48 8b 5c 24 60 48 83 c4 20 41 5f 41 5e 41 5d 41
0x0000000180005b80:   5c 5f 5e 5d c3 e8 1e 61 00 00 83 38 04 74 05 e8
0x0000000180005b90:   14 61 00 00 83 c8 ff eb d2 cc cc cc cc cc cc cc
0x0000000180005ba0:   40 53 55 56 57 41 54 41 55 48 81 ec b8 00 00 00
0x0000000180005bb0:   48 8b 05 71 85 01 00 48 33 c4 48 89 84 24 a0 00
0x0000000180005bc0:   00 00 48 8b 01 45 8b e9 41 8b f8 48 8b f2 48 8b
0x0000000180005bd0:   d9 ff 90 f8 00 00 00 4c 8b 13 4c 8d 0d 33 6f 01
0x0000000180005be0:   00 4c 8d 05 7c 6f 01 00 48 8b d0 48 8b cb 4c 8b
0x0000000180005bf0:   e0 41 ff 92 f0 02 00 00 33 ed 48 8b cb 4c 8b c0 


Stack slot to memory mapping:
stack at sp + 0 slots: 0x0 is NULL
stack at sp + 1 slots: 0xffffffffdfbfef50 is an unknown value
stack at sp + 2 slots: 0x0 is NULL
stack at sp + 3 slots: 0x000001ef7f6f2310 points into unknown readable memory: 50 f8 6b 84 f8 7f 00 00
stack at sp + 4 slots: 0x0 is NULL
stack at sp + 5 slots: 0x000000b5dfbfe300 is pointing into the stack for thread: 0x000001ef7f6f2000
stack at sp + 6 slots: 0x000001ef7f0582c0 is pointing into metadata
stack at sp + 7 slots: 0x0000000000000001 is an unknown value


---------------  P R O C E S S  ---------------

Threads class SMR info:
_java_thread_list=0x000001ef7f6fce50, length=13, elements={
0x000001ef7ebed000, 0x000001ef7ebf1000, 0x000001ef7ec08800, 0x000001ef7ec0a800,
0x000001ef7ec0d000, 0x000001ef7ec10800, 0x000001ef7ec19800, 0x000001ef7f631800,
0x000001ef7f65b800, 0x000001ef7f6cc000, 0x000001ef7f6f2000, 0x000001ef7f734800,
0x000001ef6ed4b000
}

Java Threads: ( => current thread )
  0x000001ef7ebed000 JavaThread "Reference Handler" daemon [_thread_blocked, id=2496, stack(0x000000b5df000000,0x000000b5df100000)]
  0x000001ef7ebf1000 JavaThread "Finalizer" daemon [_thread_blocked, id=5060, stack(0x000000b5df100000,0x000000b5df200000)]
  0x000001ef7ec08800 JavaThread "Signal Dispatcher" daemon [_thread_blocked, id=3968, stack(0x000000b5df200000,0x000000b5df300000)]
  0x000001ef7ec0a800 JavaThread "Attach Listener" daemon [_thread_blocked, id=1292, stack(0x000000b5df300000,0x000000b5df400000)]
  0x000001ef7ec0d000 JavaThread "C2 CompilerThread0" daemon [_thread_blocked, id=12944, stack(0x000000b5df400000,0x000000b5df500000)]
  0x000001ef7ec10800 JavaThread "C1 CompilerThread0" daemon [_thread_blocked, id=5816, stack(0x000000b5df500000,0x000000b5df600000)]
  0x000001ef7ec19800 JavaThread "Sweeper thread" daemon [_thread_blocked, id=14860, stack(0x000000b5df600000,0x000000b5df700000)]
  0x000001ef7f631800 JavaThread "Common-Cleaner" daemon [_thread_blocked, id=13092, stack(0x000000b5df700000,0x000000b5df800000)]
  0x000001ef7f65b800 JavaThread "C2 CompilerThread1" daemon [_thread_blocked, id=12404, stack(0x000000b5df800000,0x000000b5df900000)]
  0x000001ef7f6cc000 JavaThread "Service Thread" daemon [_thread_blocked, id=11580, stack(0x000000b5df900000,0x000000b5dfa00000)]
=>0x000001ef7f6f2000 JavaThread "Thread-0" [_thread_in_native, id=13744, stack(0x000000b5dfb00000,0x000000b5dfc00000)]
  0x000001ef7f734800 JavaThread "Thread-1" [_thread_blocked, id=14152, stack(0x000000b5dfc00000,0x000000b5dfd00000)]
  0x000001ef6ed4b000 JavaThread "DestroyJavaVM" [_thread_blocked, id=4552, stack(0x000000b5de900000,0x000000b5dea00000)]

Other Threads:
  0x000001ef7ebe9800 VMThread "VM Thread" [stack: 0x000000b5def00000,0x000000b5df000000] [id=8096]
  0x000001ef7f6cd000 WatcherThread [stack: 0x000000b5dfa00000,0x000000b5dfb00000] [id=14552]
  0x000001ef6ed8d000 GCTaskThread "GC Thread#0" [stack: 0x000000b5dea00000,0x000000b5deb00000] [id=10568]
  0x000001ef6ed9f800 ConcurrentGCThread "G1 Main Marker" [stack: 0x000000b5deb00000,0x000000b5dec00000] [id=7644]
  0x000001ef6eda2000 ConcurrentGCThread "G1 Conc#0" [stack: 0x000000b5dec00000,0x000000b5ded00000] [id=4524]
  0x000001ef7ea6a800 ConcurrentGCThread "G1 Refine#0" [stack: 0x000000b5ded00000,0x000000b5dee00000] [id=10916]
  0x000001ef6ee1e000 ConcurrentGCThread "G1 Young RemSet Sampling" [stack: 0x000000b5dee00000,0x000000b5def00000] [id=9596]

Threads with active compile tasks:

VM state:not at safepoint (normal execution)

VM Mutex/Monitor currently owned by a thread: None

Heap address: 0x0000000081c00000, size: 2020 MB, Compressed Oops mode: 32-bit
Narrow klass base: 0x0000000800000000, Narrow klass shift: 3
Compressed class space size: 1073741824 Address: 0x0000000800b40000

Heap:
 garbage-first heap   total 131072K, used 2048K [0x0000000081c00000, 0x0000000100000000)
  region size 1024K, 3 young (3072K), 0 survivors (0K)
 Metaspace       used 810K, capacity 4716K, committed 4864K, reserved 1056768K
  class space    used 79K, capacity 444K, committed 512K, reserved 1048576K
Heap Regions: E=young(eden), S=young(survivor), O=old, HS=humongous(starts), HC=humongous(continues), CS=collection set, F=free, A=archive, TAMS=top-at-mark-start (previous, next)
|   0|0x0000000081c00000, 0x0000000081c00000, 0x0000000081d00000|  0%| F|  |TAMS 0x0000000081c00000, 0x0000000081c00000| Untracked 
|   1|0x0000000081d00000, 0x0000000081d00000, 0x0000000081e00000|  0%| F|  |TAMS 0x0000000081d00000, 0x0000000081d00000| Untracked 
|   2|0x0000000081e00000, 0x0000000081e00000, 0x0000000081f00000|  0%| F|  |TAMS 0x0000000081e00000, 0x0000000081e00000| Untracked 
|   3|0x0000000081f00000, 0x0000000081f00000, 0x0000000082000000|  0%| F|  |TAMS 0x0000000081f00000, 0x0000000081f00000| Untracked 
|   4|0x0000000082000000, 0x0000000082000000, 0x0000000082100000|  0%| F|  |TAMS 0x0000000082000000, 0x0000000082000000| Untracked 
|   5|0x0000000082100000, 0x0000000082100000, 0x0000000082200000|  0%| F|  |TAMS 0x0000000082100000, 0x0000000082100000| Untracked 
|   6|0x0000000082200000, 0x0000000082200000, 0x0000000082300000|  0%| F|  |TAMS 0x0000000082200000, 0x0000000082200000| Untracked 
|   7|0x0000000082300000, 0x0000000082300000, 0x0000000082400000|  0%| F|  |TAMS 0x0000000082300000, 0x0000000082300000| Untracked 
|   8|0x0000000082400000, 0x0000000082400000, 0x0000000082500000|  0%| F|  |TAMS 0x0000000082400000, 0x0000000082400000| Untracked 
|   9|0x0000000082500000, 0x0000000082500000, 0x0000000082600000|  0%| F|  |TAMS 0x0000000082500000, 0x0000000082500000| Untracked 
|  10|0x0000000082600000, 0x0000000082600000, 0x0000000082700000|  0%| F|  |TAMS 0x0000000082600000, 0x0000000082600000| Untracked 
|  11|0x0000000082700000, 0x0000000082700000, 0x0000000082800000|  0%| F|  |TAMS 0x0000000082700000, 0x0000000082700000| Untracked 
|  12|0x0000000082800000, 0x0000000082800000, 0x0000000082900000|  0%| F|  |TAMS 0x0000000082800000, 0x0000000082800000| Untracked 
|  13|0x0000000082900000, 0x0000000082900000, 0x0000000082a00000|  0%| F|  |TAMS 0x0000000082900000, 0x0000000082900000| Untracked 
|  14|0x0000000082a00000, 0x0000000082a00000, 0x0000000082b00000|  0%| F|  |TAMS 0x0000000082a00000, 0x0000000082a00000| Untracked 
|  15|0x0000000082b00000, 0x0000000082b00000, 0x0000000082c00000|  0%| F|  |TAMS 0x0000000082b00000, 0x0000000082b00000| Untracked 
|  16|0x0000000082c00000, 0x0000000082c00000, 0x0000000082d00000|  0%| F|  |TAMS 0x0000000082c00000, 0x0000000082c00000| Untracked 
|  17|0x0000000082d00000, 0x0000000082d00000, 0x0000000082e00000|  0%| F|  |TAMS 0x0000000082d00000, 0x0000000082d00000| Untracked 
|  18|0x0000000082e00000, 0x0000000082e00000, 0x0000000082f00000|  0%| F|  |TAMS 0x0000000082e00000, 0x0000000082e00000| Untracked 
|  19|0x0000000082f00000, 0x0000000082f00000, 0x0000000083000000|  0%| F|  |TAMS 0x0000000082f00000, 0x0000000082f00000| Untracked 
|  20|0x0000000083000000, 0x0000000083000000, 0x0000000083100000|  0%| F|  |TAMS 0x0000000083000000, 0x0000000083000000| Untracked 
|  21|0x0000000083100000, 0x0000000083100000, 0x0000000083200000|  0%| F|  |TAMS 0x0000000083100000, 0x0000000083100000| Untracked 
|  22|0x0000000083200000, 0x0000000083200000, 0x0000000083300000|  0%| F|  |TAMS 0x0000000083200000, 0x0000000083200000| Untracked 
|  23|0x0000000083300000, 0x0000000083300000, 0x0000000083400000|  0%| F|  |TAMS 0x0000000083300000, 0x0000000083300000| Untracked 
|  24|0x0000000083400000, 0x0000000083400000, 0x0000000083500000|  0%| F|  |TAMS 0x0000000083400000, 0x0000000083400000| Untracked 
|  25|0x0000000083500000, 0x0000000083500000, 0x0000000083600000|  0%| F|  |TAMS 0x0000000083500000, 0x0000000083500000| Untracked 
|  26|0x0000000083600000, 0x0000000083600000, 0x0000000083700000|  0%| F|  |TAMS 0x0000000083600000, 0x0000000083600000| Untracked 
|  27|0x0000000083700000, 0x0000000083700000, 0x0000000083800000|  0%| F|  |TAMS 0x0000000083700000, 0x0000000083700000| Untracked 
|  28|0x0000000083800000, 0x0000000083800000, 0x0000000083900000|  0%| F|  |TAMS 0x0000000083800000, 0x0000000083800000| Untracked 
|  29|0x0000000083900000, 0x0000000083900000, 0x0000000083a00000|  0%| F|  |TAMS 0x0000000083900000, 0x0000000083900000| Untracked 
|  30|0x0000000083a00000, 0x0000000083a00000, 0x0000000083b00000|  0%| F|  |TAMS 0x0000000083a00000, 0x0000000083a00000| Untracked 
|  31|0x0000000083b00000, 0x0000000083b00000, 0x0000000083c00000|  0%| F|  |TAMS 0x0000000083b00000, 0x0000000083b00000| Untracked 
|  32|0x0000000083c00000, 0x0000000083c00000, 0x0000000083d00000|  0%| F|  |TAMS 0x0000000083c00000, 0x0000000083c00000| Untracked 
|  33|0x0000000083d00000, 0x0000000083d00000, 0x0000000083e00000|  0%| F|  |TAMS 0x0000000083d00000, 0x0000000083d00000| Untracked 
|  34|0x0000000083e00000, 0x0000000083e00000, 0x0000000083f00000|  0%| F|  |TAMS 0x0000000083e00000, 0x0000000083e00000| Untracked 
|  35|0x0000000083f00000, 0x0000000083f00000, 0x0000000084000000|  0%| F|  |TAMS 0x0000000083f00000, 0x0000000083f00000| Untracked 
|  36|0x0000000084000000, 0x0000000084000000, 0x0000000084100000|  0%| F|  |TAMS 0x0000000084000000, 0x0000000084000000| Untracked 
|  37|0x0000000084100000, 0x0000000084100000, 0x0000000084200000|  0%| F|  |TAMS 0x0000000084100000, 0x0000000084100000| Untracked 
|  38|0x0000000084200000, 0x0000000084200000, 0x0000000084300000|  0%| F|  |TAMS 0x0000000084200000, 0x0000000084200000| Untracked 
|  39|0x0000000084300000, 0x0000000084300000, 0x0000000084400000|  0%| F|  |TAMS 0x0000000084300000, 0x0000000084300000| Untracked 
|  40|0x0000000084400000, 0x0000000084400000, 0x0000000084500000|  0%| F|  |TAMS 0x0000000084400000, 0x0000000084400000| Untracked 
|  41|0x0000000084500000, 0x0000000084500000, 0x0000000084600000|  0%| F|  |TAMS 0x0000000084500000, 0x0000000084500000| Untracked 
|  42|0x0000000084600000, 0x0000000084600000, 0x0000000084700000|  0%| F|  |TAMS 0x0000000084600000, 0x0000000084600000| Untracked 
|  43|0x0000000084700000, 0x0000000084700000, 0x0000000084800000|  0%| F|  |TAMS 0x0000000084700000, 0x0000000084700000| Untracked 
|  44|0x0000000084800000, 0x0000000084800000, 0x0000000084900000|  0%| F|  |TAMS 0x0000000084800000, 0x0000000084800000| Untracked 
|  45|0x0000000084900000, 0x0000000084900000, 0x0000000084a00000|  0%| F|  |TAMS 0x0000000084900000, 0x0000000084900000| Untracked 
|  46|0x0000000084a00000, 0x0000000084a00000, 0x0000000084b00000|  0%| F|  |TAMS 0x0000000084a00000, 0x0000000084a00000| Untracked 
|  47|0x0000000084b00000, 0x0000000084b00000, 0x0000000084c00000|  0%| F|  |TAMS 0x0000000084b00000, 0x0000000084b00000| Untracked 
|  48|0x0000000084c00000, 0x0000000084c00000, 0x0000000084d00000|  0%| F|  |TAMS 0x0000000084c00000, 0x0000000084c00000| Untracked 
|  49|0x0000000084d00000, 0x0000000084d00000, 0x0000000084e00000|  0%| F|  |TAMS 0x0000000084d00000, 0x0000000084d00000| Untracked 
|  50|0x0000000084e00000, 0x0000000084e00000, 0x0000000084f00000|  0%| F|  |TAMS 0x0000000084e00000, 0x0000000084e00000| Untracked 
|  51|0x0000000084f00000, 0x0000000084f00000, 0x0000000085000000|  0%| F|  |TAMS 0x0000000084f00000, 0x0000000084f00000| Untracked 
|  52|0x0000000085000000, 0x0000000085000000, 0x0000000085100000|  0%| F|  |TAMS 0x0000000085000000, 0x0000000085000000| Untracked 
|  53|0x0000000085100000, 0x0000000085100000, 0x0000000085200000|  0%| F|  |TAMS 0x0000000085100000, 0x0000000085100000| Untracked 
|  54|0x0000000085200000, 0x0000000085200000, 0x0000000085300000|  0%| F|  |TAMS 0x0000000085200000, 0x0000000085200000| Untracked 
|  55|0x0000000085300000, 0x0000000085300000, 0x0000000085400000|  0%| F|  |TAMS 0x0000000085300000, 0x0000000085300000| Untracked 
|  56|0x0000000085400000, 0x0000000085400000, 0x0000000085500000|  0%| F|  |TAMS 0x0000000085400000, 0x0000000085400000| Untracked 
|  57|0x0000000085500000, 0x0000000085500000, 0x0000000085600000|  0%| F|  |TAMS 0x0000000085500000, 0x0000000085500000| Untracked 
|  58|0x0000000085600000, 0x0000000085600000, 0x0000000085700000|  0%| F|  |TAMS 0x0000000085600000, 0x0000000085600000| Untracked 
|  59|0x0000000085700000, 0x0000000085700000, 0x0000000085800000|  0%| F|  |TAMS 0x0000000085700000, 0x0000000085700000| Untracked 
|  60|0x0000000085800000, 0x0000000085800000, 0x0000000085900000|  0%| F|  |TAMS 0x0000000085800000, 0x0000000085800000| Untracked 
|  61|0x0000000085900000, 0x0000000085900000, 0x0000000085a00000|  0%| F|  |TAMS 0x0000000085900000, 0x0000000085900000| Untracked 
|  62|0x0000000085a00000, 0x0000000085a00000, 0x0000000085b00000|  0%| F|  |TAMS 0x0000000085a00000, 0x0000000085a00000| Untracked 
|  63|0x0000000085b00000, 0x0000000085b00000, 0x0000000085c00000|  0%| F|  |TAMS 0x0000000085b00000, 0x0000000085b00000| Untracked 
|  64|0x0000000085c00000, 0x0000000085c00000, 0x0000000085d00000|  0%| F|  |TAMS 0x0000000085c00000, 0x0000000085c00000| Untracked 
|  65|0x0000000085d00000, 0x0000000085d00000, 0x0000000085e00000|  0%| F|  |TAMS 0x0000000085d00000, 0x0000000085d00000| Untracked 
|  66|0x0000000085e00000, 0x0000000085e00000, 0x0000000085f00000|  0%| F|  |TAMS 0x0000000085e00000, 0x0000000085e00000| Untracked 
|  67|0x0000000085f00000, 0x0000000085f00000, 0x0000000086000000|  0%| F|  |TAMS 0x0000000085f00000, 0x0000000085f00000| Untracked 
|  68|0x0000000086000000, 0x0000000086000000, 0x0000000086100000|  0%| F|  |TAMS 0x0000000086000000, 0x0000000086000000| Untracked 
|  69|0x0000000086100000, 0x0000000086100000, 0x0000000086200000|  0%| F|  |TAMS 0x0000000086100000, 0x0000000086100000| Untracked 
|  70|0x0000000086200000, 0x0000000086200000, 0x0000000086300000|  0%| F|  |TAMS 0x0000000086200000, 0x0000000086200000| Untracked 
|  71|0x0000000086300000, 0x0000000086300000, 0x0000000086400000|  0%| F|  |TAMS 0x0000000086300000, 0x0000000086300000| Untracked 
|  72|0x0000000086400000, 0x0000000086400000, 0x0000000086500000|  0%| F|  |TAMS 0x0000000086400000, 0x0000000086400000| Untracked 
|  73|0x0000000086500000, 0x0000000086500000, 0x0000000086600000|  0%| F|  |TAMS 0x0000000086500000, 0x0000000086500000| Untracked 
|  74|0x0000000086600000, 0x0000000086600000, 0x0000000086700000|  0%| F|  |TAMS 0x0000000086600000, 0x0000000086600000| Untracked 
|  75|0x0000000086700000, 0x0000000086700000, 0x0000000086800000|  0%| F|  |TAMS 0x0000000086700000, 0x0000000086700000| Untracked 
|  76|0x0000000086800000, 0x0000000086800000, 0x0000000086900000|  0%| F|  |TAMS 0x0000000086800000, 0x0000000086800000| Untracked 
|  77|0x0000000086900000, 0x0000000086900000, 0x0000000086a00000|  0%| F|  |TAMS 0x0000000086900000, 0x0000000086900000| Untracked 
|  78|0x0000000086a00000, 0x0000000086a00000, 0x0000000086b00000|  0%| F|  |TAMS 0x0000000086a00000, 0x0000000086a00000| Untracked 
|  79|0x0000000086b00000, 0x0000000086b00000, 0x0000000086c00000|  0%| F|  |TAMS 0x0000000086b00000, 0x0000000086b00000| Untracked 
|  80|0x0000000086c00000, 0x0000000086c00000, 0x0000000086d00000|  0%| F|  |TAMS 0x0000000086c00000, 0x0000000086c00000| Untracked 
|  81|0x0000000086d00000, 0x0000000086d00000, 0x0000000086e00000|  0%| F|  |TAMS 0x0000000086d00000, 0x0000000086d00000| Untracked 
|  82|0x0000000086e00000, 0x0000000086e00000, 0x0000000086f00000|  0%| F|  |TAMS 0x0000000086e00000, 0x0000000086e00000| Untracked 
|  83|0x0000000086f00000, 0x0000000086f00000, 0x0000000087000000|  0%| F|  |TAMS 0x0000000086f00000, 0x0000000086f00000| Untracked 
|  84|0x0000000087000000, 0x0000000087000000, 0x0000000087100000|  0%| F|  |TAMS 0x0000000087000000, 0x0000000087000000| Untracked 
|  85|0x0000000087100000, 0x0000000087100000, 0x0000000087200000|  0%| F|  |TAMS 0x0000000087100000, 0x0000000087100000| Untracked 
|  86|0x0000000087200000, 0x0000000087200000, 0x0000000087300000|  0%| F|  |TAMS 0x0000000087200000, 0x0000000087200000| Untracked 
|  87|0x0000000087300000, 0x0000000087300000, 0x0000000087400000|  0%| F|  |TAMS 0x0000000087300000, 0x0000000087300000| Untracked 
|  88|0x0000000087400000, 0x0000000087400000, 0x0000000087500000|  0%| F|  |TAMS 0x0000000087400000, 0x0000000087400000| Untracked 
|  89|0x0000000087500000, 0x0000000087500000, 0x0000000087600000|  0%| F|  |TAMS 0x0000000087500000, 0x0000000087500000| Untracked 
|  90|0x0000000087600000, 0x0000000087600000, 0x0000000087700000|  0%| F|  |TAMS 0x0000000087600000, 0x0000000087600000| Untracked 
|  91|0x0000000087700000, 0x0000000087700000, 0x0000000087800000|  0%| F|  |TAMS 0x0000000087700000, 0x0000000087700000| Untracked 
|  92|0x0000000087800000, 0x0000000087800000, 0x0000000087900000|  0%| F|  |TAMS 0x0000000087800000, 0x0000000087800000| Untracked 
|  93|0x0000000087900000, 0x0000000087900000, 0x0000000087a00000|  0%| F|  |TAMS 0x0000000087900000, 0x0000000087900000| Untracked 
|  94|0x0000000087a00000, 0x0000000087a00000, 0x0000000087b00000|  0%| F|  |TAMS 0x0000000087a00000, 0x0000000087a00000| Untracked 
|  95|0x0000000087b00000, 0x0000000087b00000, 0x0000000087c00000|  0%| F|  |TAMS 0x0000000087b00000, 0x0000000087b00000| Untracked 
|  96|0x0000000087c00000, 0x0000000087c00000, 0x0000000087d00000|  0%| F|  |TAMS 0x0000000087c00000, 0x0000000087c00000| Untracked 
|  97|0x0000000087d00000, 0x0000000087d00000, 0x0000000087e00000|  0%| F|  |TAMS 0x0000000087d00000, 0x0000000087d00000| Untracked 
|  98|0x0000000087e00000, 0x0000000087e00000, 0x0000000087f00000|  0%| F|  |TAMS 0x0000000087e00000, 0x0000000087e00000| Untracked 
|  99|0x0000000087f00000, 0x0000000087f00000, 0x0000000088000000|  0%| F|  |TAMS 0x0000000087f00000, 0x0000000087f00000| Untracked 
| 100|0x0000000088000000, 0x0000000088000000, 0x0000000088100000|  0%| F|  |TAMS 0x0000000088000000, 0x0000000088000000| Untracked 
| 101|0x0000000088100000, 0x0000000088100000, 0x0000000088200000|  0%| F|  |TAMS 0x0000000088100000, 0x0000000088100000| Untracked 
| 102|0x0000000088200000, 0x0000000088200000, 0x0000000088300000|  0%| F|  |TAMS 0x0000000088200000, 0x0000000088200000| Untracked 
| 103|0x0000000088300000, 0x0000000088300000, 0x0000000088400000|  0%| F|  |TAMS 0x0000000088300000, 0x0000000088300000| Untracked 
| 104|0x0000000088400000, 0x0000000088400000, 0x0000000088500000|  0%| F|  |TAMS 0x0000000088400000, 0x0000000088400000| Untracked 
| 105|0x0000000088500000, 0x0000000088500000, 0x0000000088600000|  0%| F|  |TAMS 0x0000000088500000, 0x0000000088500000| Untracked 
| 106|0x0000000088600000, 0x0000000088600000, 0x0000000088700000|  0%| F|  |TAMS 0x0000000088600000, 0x0000000088600000| Untracked 
| 107|0x0000000088700000, 0x0000000088700000, 0x0000000088800000|  0%| F|  |TAMS 0x0000000088700000, 0x0000000088700000| Untracked 
| 108|0x0000000088800000, 0x0000000088800000, 0x0000000088900000|  0%| F|  |TAMS 0x0000000088800000, 0x0000000088800000| Untracked 
| 109|0x0000000088900000, 0x0000000088900000, 0x0000000088a00000|  0%| F|  |TAMS 0x0000000088900000, 0x0000000088900000| Untracked 
| 110|0x0000000088a00000, 0x0000000088a00000, 0x0000000088b00000|  0%| F|  |TAMS 0x0000000088a00000, 0x0000000088a00000| Untracked 
| 111|0x0000000088b00000, 0x0000000088b00000, 0x0000000088c00000|  0%| F|  |TAMS 0x0000000088b00000, 0x0000000088b00000| Untracked 
| 112|0x0000000088c00000, 0x0000000088c00000, 0x0000000088d00000|  0%| F|  |TAMS 0x0000000088c00000, 0x0000000088c00000| Untracked 
| 113|0x0000000088d00000, 0x0000000088d00000, 0x0000000088e00000|  0%| F|  |TAMS 0x0000000088d00000, 0x0000000088d00000| Untracked 
| 114|0x0000000088e00000, 0x0000000088e00000, 0x0000000088f00000|  0%| F|  |TAMS 0x0000000088e00000, 0x0000000088e00000| Untracked 
| 115|0x0000000088f00000, 0x0000000088f00000, 0x0000000089000000|  0%| F|  |TAMS 0x0000000088f00000, 0x0000000088f00000| Untracked 
| 116|0x0000000089000000, 0x0000000089000000, 0x0000000089100000|  0%| F|  |TAMS 0x0000000089000000, 0x0000000089000000| Untracked 
| 117|0x0000000089100000, 0x0000000089100000, 0x0000000089200000|  0%| F|  |TAMS 0x0000000089100000, 0x0000000089100000| Untracked 
| 118|0x0000000089200000, 0x0000000089200000, 0x0000000089300000|  0%| F|  |TAMS 0x0000000089200000, 0x0000000089200000| Untracked 
| 119|0x0000000089300000, 0x0000000089300000, 0x0000000089400000|  0%| F|  |TAMS 0x0000000089300000, 0x0000000089300000| Untracked 
| 120|0x0000000089400000, 0x0000000089400000, 0x0000000089500000|  0%| F|  |TAMS 0x0000000089400000, 0x0000000089400000| Untracked 
| 121|0x0000000089500000, 0x0000000089500000, 0x0000000089600000|  0%| F|  |TAMS 0x0000000089500000, 0x0000000089500000| Untracked 
| 122|0x0000000089600000, 0x0000000089600000, 0x0000000089700000|  0%| F|  |TAMS 0x0000000089600000, 0x0000000089600000| Untracked 
| 123|0x0000000089700000, 0x0000000089700000, 0x0000000089800000|  0%| F|  |TAMS 0x0000000089700000, 0x0000000089700000| Untracked 
| 124|0x0000000089800000, 0x0000000089800000, 0x0000000089900000|  0%| F|  |TAMS 0x0000000089800000, 0x0000000089800000| Untracked 
| 125|0x0000000089900000, 0x0000000089900800, 0x0000000089a00000|  0%| E|  |TAMS 0x0000000089900000, 0x0000000089900000| Complete 
| 126|0x0000000089a00000, 0x0000000089b00000, 0x0000000089b00000|100%| E|CS|TAMS 0x0000000089a00000, 0x0000000089a00000| Complete 
| 127|0x0000000089b00000, 0x0000000089c00000, 0x0000000089c00000|100%| E|CS|TAMS 0x0000000089b00000, 0x0000000089b00000| Complete 

Card table byte_map: [0x000001ef77aa0000,0x000001ef77ea0000] _byte_map_base: 0x000001ef77692000

Marking Bits (Prev, Next): (CMBitMap*) 0x000001ef6ed8ee88, (CMBitMap*) 0x000001ef6ed8eec8
 Prev Bits: [0x000001ef782a0000, 0x000001ef7a230000)
 Next Bits: [0x000001ef7a230000, 0x000001ef7c1c0000)

Polling page: 0x000001ef6cd20000

Metaspace:

Usage:
  Non-class:      4.17 MB capacity,   731.43 KB ( 17%) used,     3.46 MB ( 83%) free+waste,     2.44 KB ( <1%) overhead. 
      Class:    444.00 KB capacity,    79.10 KB ( 18%) used,   363.27 KB ( 82%) free+waste,     1.63 KB ( <1%) overhead. 
       Both:      4.61 MB capacity,   810.53 KB ( 17%) used,     3.81 MB ( 83%) free+waste,     4.06 KB ( <1%) overhead. 

Virtual space:
  Non-class space:        8.00 MB reserved,       4.25 MB ( 53%) committed 
      Class space:        1.00 GB reserved,     512.00 KB ( <1%) committed 
             Both:        1.01 GB reserved,       4.75 MB ( <1%) committed 

Chunk freelists:
   Non-Class:  16.00 KB
       Class:  4.00 KB
        Both:  20.00 KB

MaxMetaspaceSize: 17179869184.00 GB
CompressedClassSpaceSize: 1.00 GB

CodeHeap 'non-profiled nmethods': size=120000Kb used=78Kb max_used=78Kb free=119921Kb
 bounds [0x000001ef07ad0000, 0x000001ef07d40000, 0x000001ef0f000000]
CodeHeap 'profiled nmethods': size=120000Kb used=302Kb max_used=302Kb free=119697Kb
 bounds [0x000001ef005a0000, 0x000001ef00810000, 0x000001ef07ad0000]
CodeHeap 'non-nmethods': size=5760Kb used=1110Kb max_used=1124Kb free=4649Kb
 bounds [0x000001ef00000000, 0x000001ef00270000, 0x000001ef005a0000]
 total_blobs=919 nmethods=240 adapters=254
 compilation: enabled
              stopped_count=0, restarted_count=0
 full_count=0

Compilation events (20 events):
Event: 0.094 Thread 0x000001ef7ec10800  236       3       java.lang.StringLatin1::toUpperCase (180 bytes)
Event: 0.095 Thread 0x000001ef7ec10800 nmethod 236 0x000001ef005e6d90 code [0x000001ef005e7040, 0x000001ef005e7e00]
Event: 0.095 Thread 0x000001ef7ec10800  234       3       java.lang.String::toLowerCase (29 bytes)
Event: 0.095 Thread 0x000001ef7ec10800 nmethod 234 0x000001ef005e8310 code [0x000001ef005e84e0, 0x000001ef005e8800]
Event: 0.095 Thread 0x000001ef7ec10800  230       3       java.lang.StringBuffer::<init> (7 bytes)
Event: 0.095 Thread 0x000001ef7ec10800 nmethod 230 0x000001ef005e8910 code [0x000001ef005e8ac0, 0x000001ef005e8c70]
Event: 0.095 Thread 0x000001ef7ec10800  231  s    3       java.lang.StringBuffer::toString (59 bytes)
Event: 0.096 Thread 0x000001ef7ec10800 nmethod 231 0x000001ef005e8d10 code [0x000001ef005e8f20, 0x000001ef005e98c0]
Event: 0.096 Thread 0x000001ef7ec10800  235       3       java.lang.String::toUpperCase (29 bytes)
Event: 0.096 Thread 0x000001ef7ec10800 nmethod 235 0x000001ef005e9b10 code [0x000001ef005e9ce0, 0x000001ef005ea000]
Event: 0.096 Thread 0x000001ef7ec10800  232  s    3       java.lang.StringBuffer::append (13 bytes)
Event: 0.096 Thread 0x000001ef7ec10800 nmethod 232 0x000001ef005ea110 code [0x000001ef005ea2c0, 0x000001ef005ea650]
Event: 0.096 Thread 0x000001ef7ec10800  238       3       java.lang.String::toUpperCase (8 bytes)
Event: 0.097 Thread 0x000001ef7ec10800 nmethod 238 0x000001ef005ea710 code [0x000001ef005ea900, 0x000001ef005ead00]
Event: 0.097 Thread 0x000001ef7ec10800  237       3       java.lang.String::toLowerCase (8 bytes)
Event: 0.097 Thread 0x000001ef7ec10800 nmethod 237 0x000001ef005eae10 code [0x000001ef005eb000, 0x000001ef005eb400]
Event: 0.097 Thread 0x000001ef7ec10800  239       1       java.util.zip.Inflater$InflaterZStreamRef::address (5 bytes)
Event: 0.097 Thread 0x000001ef7ec10800 nmethod 239 0x000001ef07ae3390 code [0x000001ef07ae3520, 0x000001ef07ae3658]
Event: 0.097 Thread 0x000001ef7ec10800  240       3       java.lang.String::toString (2 bytes)
Event: 0.097 Thread 0x000001ef7ec10800 nmethod 240 0x000001ef005eb510 code [0x000001ef005eb6a0, 0x000001ef005eb818]

GC Heap History (0 events):
No events

Deoptimization events (4 events):
Event: 0.077 Thread 0x000001ef6ed4b000 Uncommon trap: trap_request=0xffffff45 fr.pc=0x000001ef07ad902c relative=0x000000000000008c
Event: 0.077 Thread 0x000001ef6ed4b000 Uncommon trap: reason=unstable_if action=reinterpret pc=0x000001ef07ad902c method=java.lang.String.charAt(I)C @ 4 c2
Event: 0.077 Thread 0x000001ef6ed4b000 DEOPT PACKING pc=0x000001ef07ad902c sp=0x000000b5de9febd0
Event: 0.077 Thread 0x000001ef6ed4b000 DEOPT UNPACKING pc=0x000001ef0004912f sp=0x000000b5de9feb70 mode 2

Classes unloaded (0 events):
No events

Classes redefined (0 events):
No events

Internal exceptions (7 events):
Event: 0.062 Thread 0x000001ef6ed4b000 Exception <a 'sun/nio/fs/WindowsException'{0x0000000089bd48d0}> (0x0000000089bd48d0) 
thrown [t:/workspace/open/src/hotspot/share/prims/jni.cpp, line 598]
Event: 0.062 Thread 0x000001ef6ed4b000 Exception <a 'sun/nio/fs/WindowsException'{0x0000000089bd4df8}> (0x0000000089bd4df8) 
thrown [t:/workspace/open/src/hotspot/share/prims/jni.cpp, line 598]
Event: 0.063 Thread 0x000001ef6ed4b000 Exception <a 'sun/nio/fs/WindowsException'{0x0000000089bd7488}> (0x0000000089bd7488) 
thrown [t:/workspace/open/src/hotspot/share/prims/jni.cpp, line 598]
Event: 0.090 Thread 0x000001ef6ed4b000 Exception <a 'java/io/FileNotFoundException'{0x0000000089ab4ad8}> (0x0000000089ab4ad8) 
thrown [t:/workspace/open/src/hotspot/share/prims/jni.cpp, line 598]
Event: 0.091 Thread 0x000001ef6ed4b000 Exception <a 'java/io/FileNotFoundException'{0x0000000089ab5538}> (0x0000000089ab5538) 
thrown [t:/workspace/open/src/hotspot/share/prims/jni.cpp, line 598]
Event: 0.093 Thread 0x000001ef6ed4b000 Exception <a 'java/io/FileNotFoundException'{0x0000000089ac3b20}> (0x0000000089ac3b20) 
thrown [t:/workspace/open/src/hotspot/share/prims/jni.cpp, line 598]
Event: 0.093 Thread 0x000001ef6ed4b000 Exception <a 'java/io/FileNotFoundException'{0x0000000089ac42c0}> (0x0000000089ac42c0) 
thrown [t:/workspace/open/src/hotspot/share/prims/jni.cpp, line 598]

Events (20 events):
Event: 0.096 loading class gnu/io/Zystem
Event: 0.096 loading class gnu/io/Zystem done
Event: 0.097 loading class gnu/io/UnSupportedLoggerException
Event: 0.097 loading class gnu/io/UnSupportedLoggerException done
Event: 0.097 loading class java/lang/NumberFormatException
Event: 0.097 loading class java/lang/NumberFormatException done
Event: 0.098 loading class java/lang/IndexOutOfBoundsException
Event: 0.098 loading class java/lang/IndexOutOfBoundsException done
Event: 0.099 loading class gnu/io/RXTXPort$MonitorThread
Event: 0.099 loading class gnu/io/RXTXPort$MonitorThread done
Event: 0.100 Thread 0x000001ef7f6f2000 Thread added: 0x000001ef7f6f2000
Event: 0.105 loading class java/io/BufferedReader
Event: 0.105 loading class java/io/BufferedReader done
Event: 0.105 loading class sun/nio/cs/StreamDecoder
Event: 0.105 loading class sun/nio/cs/StreamDecoder done
Event: 0.105 loading class sun/nio/cs/UTF_8$Decoder
Event: 0.105 loading class sun/nio/cs/UTF_8$Decoder done
Event: 0.105 Thread 0x000001ef7f734800 Thread added: 0x000001ef7f734800
Event: 0.105 Thread 0x000001ef6ed4b000 Thread exited: 0x000001ef6ed4b000
Event: 0.105 Thread 0x000001ef6ed4b000 Thread added: 0x000001ef6ed4b000


Dynamic libraries:
0x00007ff7a60a0000 - 0x00007ff7a60af000 	C:\Program Files\Java\jdk-13\bin\java.exe
0x00007ff8cad80000 - 0x00007ff8caf70000 	C:\WINDOWS\SYSTEM32\ntdll.dll
0x00007ff8caa50000 - 0x00007ff8cab02000 	C:\WINDOWS\System32\KERNEL32.DLL
0x00007ff8c8720000 - 0x00007ff8c89c3000 	C:\WINDOWS\System32\KERNELBASE.dll
0x00007ff8c8c80000 - 0x00007ff8c8d7a000 	C:\WINDOWS\System32\ucrtbase.dll
0x00007ff8bf640000 - 0x00007ff8bf655000 	C:\Program Files\Java\jdk-13\bin\VCRUNTIME140.dll
0x00007ff8c3dd0000 - 0x00007ff8c3de8000 	C:\Program Files\Java\jdk-13\bin\jli.dll
0x00007ff8c9fb0000 - 0x00007ff8ca053000 	C:\WINDOWS\System32\ADVAPI32.dll
0x00007ff8caca0000 - 0x00007ff8cad3e000 	C:\WINDOWS\System32\msvcrt.dll
0x00007ff8c9170000 - 0x00007ff8c9207000 	C:\WINDOWS\System32\sechost.dll
0x00007ff8c92f0000 - 0x00007ff8c9410000 	C:\WINDOWS\System32\RPCRT4.dll
0x00007ff8c9c80000 - 0x00007ff8c9e14000 	C:\WINDOWS\System32\USER32.dll
0x00007ff8c8ba0000 - 0x00007ff8c8bc1000 	C:\WINDOWS\System32\win32u.dll
0x00007ff8c9210000 - 0x00007ff8c9236000 	C:\WINDOWS\System32\GDI32.dll
0x00007ff8c09e0000 - 0x00007ff8c0c65000 	C:\WINDOWS\WinSxS\amd64_microsoft.windows.common-controls_6595b64144ccf1df_6.0.18362.476_none_e6c4b11b130f2595\COMCTL32.dll
0x00007ff8c8a00000 - 0x00007ff8c8b94000 	C:\WINDOWS\System32\gdi32full.dll
0x00007ff8c8e30000 - 0x00007ff8c9166000 	C:\WINDOWS\System32\combase.dll
0x00007ff8c7ee0000 - 0x00007ff8c7f7e000 	C:\WINDOWS\System32\msvcp_win.dll
0x00007ff8c7d10000 - 0x00007ff8c7d90000 	C:\WINDOWS\System32\bcryptPrimitives.dll
0x00007ff8c38d0000 - 0x00007ff8c38da000 	C:\WINDOWS\SYSTEM32\VERSION.dll
0x00007ff8c9b80000 - 0x00007ff8c9bae000 	C:\WINDOWS\System32\IMM32.DLL
0x00007ff883a60000 - 0x00007ff883afb000 	C:\Program Files\Java\jdk-13\bin\msvcp140.dll
0x00007ff883cc0000 - 0x00007ff884827000 	C:\Program Files\Java\jdk-13\bin\server\jvm.dll
0x00007ff8c9240000 - 0x00007ff8c9248000 	C:\WINDOWS\System32\PSAPI.DLL
0x00007ff8ac3a0000 - 0x00007ff8ac3a9000 	C:\WINDOWS\SYSTEM32\WSOCK32.dll
0x00007ff8c5cd0000 - 0x00007ff8c5cf4000 	C:\WINDOWS\SYSTEM32\WINMM.dll
0x00007ff8cabc0000 - 0x00007ff8cac2f000 	C:\WINDOWS\System32\WS2_32.dll
0x00007ff8c5ca0000 - 0x00007ff8c5ccd000 	C:\WINDOWS\SYSTEM32\winmmbase.dll
0x00007ff8c8de0000 - 0x00007ff8c8e2a000 	C:\WINDOWS\System32\cfgmgr32.dll
0x00007ff8c7cb0000 - 0x00007ff8c7cc1000 	C:\WINDOWS\System32\kernel.appcore.dll
0x00007ff8ab9f0000 - 0x00007ff8aba00000 	C:\Program Files\Java\jdk-13\bin\verify.dll
0x00007ff8ad740000 - 0x00007ff8ad934000 	C:\WINDOWS\SYSTEM32\DBGHELP.DLL
0x00007ff8afb90000 - 0x00007ff8afbba000 	C:\WINDOWS\SYSTEM32\dbgcore.DLL
0x00007ff898090000 - 0x00007ff8980b6000 	C:\Program Files\Java\jdk-13\bin\java.dll
0x00007ff8a8b90000 - 0x00007ff8a8ba7000 	C:\Program Files\Java\jdk-13\bin\zip.dll
0x00007ff8ab640000 - 0x00007ff8ab64a000 	C:\Program Files\Java\jdk-13\bin\jimage.dll
0x00007ff8ca0f0000 - 0x00007ff8ca7d5000 	C:\WINDOWS\System32\SHELL32.dll
0x00007ff8cab10000 - 0x00007ff8cabb9000 	C:\WINDOWS\System32\shcore.dll
0x00007ff8c7fa0000 - 0x00007ff8c871e000 	C:\WINDOWS\System32\windows.storage.dll
0x00007ff8c7cd0000 - 0x00007ff8c7cef000 	C:\WINDOWS\System32\profapi.dll
0x00007ff8c7c60000 - 0x00007ff8c7caa000 	C:\WINDOWS\System32\powrprof.dll
0x00007ff8c7c50000 - 0x00007ff8c7c60000 	C:\WINDOWS\System32\UMPDC.dll
0x00007ff8ca840000 - 0x00007ff8ca892000 	C:\WINDOWS\System32\shlwapi.dll
0x00007ff8c7f80000 - 0x00007ff8c7f97000 	C:\WINDOWS\System32\cryptsp.dll
0x00007ff8a8a70000 - 0x00007ff8a8a89000 	C:\Program Files\Java\jdk-13\bin\net.dll
0x00007ff8b88b0000 - 0x00007ff8b8a86000 	C:\WINDOWS\SYSTEM32\urlmon.dll
0x00007ff8c1610000 - 0x00007ff8c1700000 	C:\WINDOWS\SYSTEM32\WINHTTP.dll
0x00007ff8b8bb0000 - 0x00007ff8b8e56000 	C:\WINDOWS\SYSTEM32\iertutil.dll
0x00007ff8c7690000 - 0x00007ff8c769c000 	C:\WINDOWS\SYSTEM32\CRYPTBASE.DLL
0x00007ff8c74c0000 - 0x00007ff8c7527000 	C:\WINDOWS\system32\mswsock.dll
0x00007ff8a8170000 - 0x00007ff8a8183000 	C:\Program Files\Java\jdk-13\bin\nio.dll
0x0000000180000000 - 0x0000000180025000 	C:\Program Files\Java\jdk-13\bin\rxtxSerial.dll

dbghelp: loaded successfully - version: 4.0.5 - missing functions: none
symbol engine: initialized successfully - sym options: 0x614 - pdb path: .;C:\Program Files\Java\jdk-13\bin;C:\WINDOWS\SYSTEM32;C:\WINDOWS\WinSxS\amd64_microsoft.windows.common-controls_6595b64144ccf1df_6.0.18362.476_none_e6c4b11b130f2595;C:\Program Files\Java\jdk-13\bin\server

VM Arguments:
jvm_args: -Dfile.encoding=UTF-8 --module-path=C:\Users\user\Documents\NetBeansProjects\CALCULATOR\build\classes 
java_command: calculator.CALCULATOR
java_class_path (initial): C:\Users\user\Desktop\RXTXcomm.jar;C:\Users\user\Documents\NetBeansProjects\CALCULATOR\build\classes
Launcher Type: SUN_STANDARD

[Global flags]
     intx CICompilerCount                          = 4                                         {product} {ergonomic}
     uint ConcGCThreads                            = 2                                         {product} {ergonomic}
     uint G1ConcRefinementThreads                  = 8                                         {product} {ergonomic}
   size_t G1HeapRegionSize                         = 1048576                                   {product} {ergonomic}
    uintx GCDrainStackTargetSize                   = 64                                        {product} {ergonomic}
   size_t InitialHeapSize                          = 134217728                                 {product} {ergonomic}
   size_t MarkStackSize                            = 4194304                                   {product} {ergonomic}
   size_t MaxHeapSize                              = 2118123520                                {product} {ergonomic}
   size_t MaxNewSize                               = 1270874112                                {product} {ergonomic}
   size_t MinHeapDeltaBytes                        = 1048576                                   {product} {ergonomic}
   size_t MinHeapSize                              = 8388608                                   {product} {ergonomic}
    uintx NonNMethodCodeHeapSize                   = 5836300                                {pd product} {ergonomic}
    uintx NonProfiledCodeHeapSize                  = 122910970                              {pd product} {ergonomic}
    uintx ProfiledCodeHeapSize                     = 122910970                              {pd product} {ergonomic}
    uintx ReservedCodeCacheSize                    = 251658240                              {pd product} {ergonomic}
     bool SegmentedCodeCache                       = true                                      {product} {ergonomic}
   size_t SoftMaxHeapSize                          = 2118123520                             {manageable} {ergonomic}
     bool UseCompressedClassPointers               = true                                 {lp64_product} {ergonomic}
     bool UseCompressedOops                        = true                                 {lp64_product} {ergonomic}
     bool UseG1GC                                  = true                                      {product} {ergonomic}
     bool UseLargePagesIndividualAllocation        = false                                  {pd product} {ergonomic}

Logging:
Log output configuration:
 #0: stdout all=warning uptime,level,tags
 #1: stderr all=off uptime,level,tags

Environment Variables:
PATH=C:\WINDOWS\system32;C:\WINDOWS;C:\WINDOWS\System32\Wbem;C:\WINDOWS\System32\WindowsPowerShell\v1.0\;C:\WINDOWS\System32\OpenSSH\;C:\Program Files\Java\jdk-13\bin;C:\Users\user\AppData\Local\Programs\Python\Python37-32\Scripts\;C:\Users\user\AppData\Local\Programs\Python\Python37-32\;C:\Users\user\AppData\Local\Microsoft\WindowsApps;C:\Program Files\JetBrains\IntelliJ IDEA Community Edition 2019.2.4\bin;;C:\Program Files\JetBrains\PyCharm Community Edition 2019.2.4\bin;
USERNAME=Aditya
OS=Windows_NT
PROCESSOR_IDENTIFIER=Intel64 Family 6 Model 158 Stepping 9, GenuineIntel



---------------  S Y S T E M  ---------------

OS: Windows 10 , 64 bit Build 18362 (10.0.18362.329)

CPU:total 8 (initial active 8) (4 cores per cpu, 2 threads per core) family 6 model 158 stepping 9, cmov, cx8, fxsr, mmx, sse, sse2, sse3, ssse3, sse4.1, sse4.2, popcnt, avx, avx2, aes, clmul, erms, 3dnowpref, lzcnt, ht, tsc, tscinvbit, bmi1, bmi2, adx, fma

Memory: 4k page, system-wide physical 8076M (2708M free)
TotalPageFile size 12259M (AvailPageFile size 4308M)
current process WorkingSet (physical memory assigned to process): 33M, peak: 33M
current process commit charge ("private bytes"): 215M, peak: 215M

vm_info: Java HotSpot(TM) 64-Bit Server VM (13-ea+33) for windows-amd64 JRE (13-ea+33), built on Aug  9 2019 06:01:49 by "mach5one" with unknown MS VC++:1916

END.
