#
# A fatal error has been detected by the Java Runtime Environment:
#
#  EXCEPTION_ACCESS_VIOLATION (0xc0000005) at pc=0x0000000180005b00, pid=9136, tid=11352
#
# JRE version: Java(TM) SE Runtime Environment (13.0.1+9) (build 13.0.1+9)
# Java VM: Java HotSpot(TM) 64-Bit Server VM (13.0.1+9, mixed mode, sharing, tiered, compressed oops, g1 gc, windows-amd64)
# Problematic frame:
# C  [rxtxSerial.dll+0x5b00]
#
# No core dump will be written. Minidumps are not enabled by default on client versions of Windows
#
# If you would like to submit a bug report, please visit:
#   http://bugreport.java.com/bugreport/crash.jsp
# The crash happened outside the Java Virtual Machine in native code.
# See problematic frame for where to report the bug.
#

---------------  S U M M A R Y ------------

Command Line: -Dfile.encoding=UTF-8 --module-path=C:\Users\user\Documents\NetBeansProjects\CALCULATOR\build\classes calculator.CALCULATOR

Host: Intel(R) Core(TM) i7-7700HQ CPU @ 2.80GHz, 8 cores, 7G,  Windows 10 , 64 bit Build 18362 (10.0.18362.329)
Time: Wed Nov 27 02:02:05 2019 India Standard Time elapsed time: 1 seconds (0d 0h 0m 1s)

---------------  T H R E A D  ---------------

Current thread (0x0000020070a74800):  JavaThread "Thread-0" [_thread_in_native, id=11352, stack(0x0000009d63e00000,0x0000009d63f00000)]

Stack: [0x0000009d63e00000,0x0000009d63f00000],  sp=0x0000009d63efe3f0,  free space=1016k
Native frames: (J=compiled Java code, j=interpreted, Vv=VM code, C=native code)
C  [rxtxSerial.dll+0x5b00]

Java frames: (J=compiled Java code, j=interpreted, Vv=VM code)
j  gnu.io.RXTXPort.readArray([BII)I+0
j  gnu.io.RXTXPort$SerialInputStream.read([BII)I+212
j  sun.nio.cs.StreamDecoder.readBytes()I+135 java.base@13.0.1
j  sun.nio.cs.StreamDecoder.implRead([CII)I+112 java.base@13.0.1
j  sun.nio.cs.StreamDecoder.read([CII)I+180 java.base@13.0.1
j  java.io.InputStreamReader.read([CII)I+7 java.base@13.0.1
j  java.io.BufferedReader.fill()V+145 java.base@13.0.1
j  java.io.BufferedReader.readLine(Z)Ljava/lang/String;+44 java.base@13.0.1
j  java.io.BufferedReader.readLine()Ljava/lang/String;+2 java.base@13.0.1
j  calculator.CALCULATOR.serialEvent(Lgnu/io/SerialPortEvent;)V+12
j  gnu.io.RXTXPort.sendEvent(IZ)Z+382
v  ~StubRoutines::call_stub
j  gnu.io.RXTXPort.eventLoop()V+0
j  gnu.io.RXTXPort$MonitorThread.run()V+12
v  ~StubRoutines::call_stub

siginfo: EXCEPTION_ACCESS_VIOLATION (0xc0000005), reading address 0x0000000063eff238


Register to memory mapping:

RIP=0x0000000180005b00 rxtxSerial.dll
RAX=0x0000000000000001 is an unknown value
RBX=0x0 is NULL
RCX=0x000000018001d4d5 rxtxSerial.dll
RDX=0xfffffffffffff665 is an unknown value
RSP=0x0000009d63efe3f0 is pointing into the stack for thread: 0x0000020070a74800
RBP=
[error occurred during error reporting (printing register info), id 0xc0000005, EXCEPTION_ACCESS_VIOLATION (0xc0000005) at pc=0x00007ff8c8ae874f]

Registers:
RAX=0x0000000000000001, RBX=0x0000000000000000, RCX=0x000000018001d4d5, RDX=0xfffffffffffff665
RSP=0x0000009d63efe3f0, RBP=0x00000000ffffffff, RSI=0x0000000000000000, RDI=0x0000020070a74b10
R8 =0x0000000000000002, R9 =0xfffffffffffff63c, R10=0x00007ff8c8bc1d10, R11=0x8101010101010100
R12=0x0000000063eff230, R13=0x0000000000000020, R14=0x0000009d63efe5e0, R15=0x0000000000000000
RIP=0x0000000180005b00, EFLAGS=0x0000000000010202

Top of Stack: (sp=0x0000009d63efe3f0)
0x0000009d63efe3f0:   0000000000000000 0000000063eff230
0x0000009d63efe400:   0000000000000000 0000020070a74b10
0x0000009d63efe410:   0000000000000000 0000009d63efe5e0
0x0000009d63efe420:   00000200704883f0 0000000000000001
0x0000009d63efe430:   0000020070a74b10 0000000000000020
0x0000009d63efe440:   ffffffffffffffff 0000000180006211
0x0000009d63efe450:   0000020070ab8c90 ffffffffffffffff
0x0000009d63efe460:   0000000000000001 0000020070ab8c90
0x0000009d63efe470:   0000020000000020 00007ff8ffffffff
0x0000009d63efe480:   0000009d63efe5e8 0000009d63efe5e8
0x0000009d63efe490:   0000020070a74800 0000009d63efe5e8
0x0000009d63efe4a0:   0000009d63efe5b0 00007ff8c8b7af27
0x0000009d63efe4b0:   0000009d63efe4d0 0000020070a74800
0x0000009d63efe4c0:   000000000014ab34 0000a4169dfca22b
0x0000009d63efe4d0:   00000200704883f8 00000200704883f0
0x0000009d63efe4e0:   0000020070a74800 0000009d63efe5e8 

Instructions: (pc=0x0000000180005b00)
0x0000000180005a00:   5d c3 cc cc cc cc cc cc cc cc cc cc cc cc cc cc
0x0000000180005a10:   48 89 5c 24 08 4c 89 4c 24 20 44 89 44 24 18 55
0x0000000180005a20:   56 57 41 54 41 55 41 56 41 57 48 83 ec 20 48 8b
0x0000000180005a30:   2a 48 8b 01 33 db 48 8b d5 48 8b f9 44 8b fb 8b
0x0000000180005a40:   f3 ff 90 f8 00 00 00 4c 8d 0d 9e 70 01 00 4c 8b
0x0000000180005a50:   e0 48 8b 07 4c 8d 05 b5 70 01 00 49 8b d4 48 8b
0x0000000180005a60:   cf ff 90 f0 02 00 00 48 8b cf 4c 8b c0 48 85 c0
0x0000000180005a70:   48 8b 07 75 28 ff 90 80 00 00 00 4c 8b 1f 48 8b
0x0000000180005a80:   cf 41 ff 93 88 00 00 00 4c 8b 1f 49 8b d4 48 8b
0x0000000180005a90:   cf 41 ff 93 b8 00 00 00 4c 8b e3 eb 54 48 8b d5
0x0000000180005aa0:   ff 90 20 03 00 00 49 8b d4 48 8b cf 48 63 e8 48
0x0000000180005ab0:   8b 07 ff 90 b8 00 00 00 48 8d 15 51 70 01 00 48
0x0000000180005ac0:   8d 0d 0e 7a 01 00 41 b8 02 00 00 00 e8 6f 62 00
0x0000000180005ad0:   00 85 c0 75 19 85 ed 75 15 e8 c2 5e 00 00 48 8d
0x0000000180005ae0:   15 23 7a 01 00 48 8d 48 60 e8 3a 5d 00 00 4c 8b
0x0000000180005af0:   e5 8b ac 24 88 00 00 00 44 8b ac 24 80 00 00 00
0x0000000180005b00:   45 8b 74 24 08 41 89 5c 24 08 41 8b fd 85 ed 78
0x0000000180005b10:   09 ff 15 e9 14 01 00 44 8b f8 45 85 ed 7e 4a 90
0x0000000180005b20:   8b c6 ff c6 83 f8 14 7d 40 85 ed 78 0d ff 15 cd
0x0000000180005b30:   14 01 00 41 2b c7 3b c5 7d 2f 8b 4c 24 70 48 63
0x0000000180005b40:   d3 44 8b c7 48 03 54 24 78 e8 a2 31 00 00 85 c0
0x0000000180005b50:   78 33 74 06 03 d8 2b f8 eb 0a b9 e8 03 00 00 e8
0x0000000180005b60:   1c 1c 00 00 41 3b dd 7c b7 8b c3 45 89 74 24 08
0x0000000180005b70:   48 8b 5c 24 60 48 83 c4 20 41 5f 41 5e 41 5d 41
0x0000000180005b80:   5c 5f 5e 5d c3 e8 1e 61 00 00 83 38 04 74 05 e8
0x0000000180005b90:   14 61 00 00 83 c8 ff eb d2 cc cc cc cc cc cc cc
0x0000000180005ba0:   40 53 55 56 57 41 54 41 55 48 81 ec b8 00 00 00
0x0000000180005bb0:   48 8b 05 71 85 01 00 48 33 c4 48 89 84 24 a0 00
0x0000000180005bc0:   00 00 48 8b 01 45 8b e9 41 8b f8 48 8b f2 48 8b
0x0000000180005bd0:   d9 ff 90 f8 00 00 00 4c 8b 13 4c 8d 0d 33 6f 01
0x0000000180005be0:   00 4c 8d 05 7c 6f 01 00 48 8b d0 48 8b cb 4c 8b
0x0000000180005bf0:   e0 41 ff 92 f0 02 00 00 33 ed 48 8b cb 4c 8b c0 


Stack slot to memory mapping:
stack at sp + 0 slots: 0x0 is NULL
stack at sp + 1 slots: 0x0000000063eff230 is an unknown value
stack at sp + 2 slots: 0x0 is NULL
stack at sp + 3 slots: 0x0000020070a74b10 points into unknown readable memory: 50 e8 1f c9 f8 7f 00 00
stack at sp + 4 slots: 0x0 is NULL
stack at sp + 5 slots: 0x0000009d63efe5e0 is pointing into the stack for thread: 0x0000020070a74800
stack at sp + 6 slots: 0x00000200704883f0 is pointing into metadata
stack at sp + 7 slots: 0x0000000000000001 is an unknown value


---------------  P R O C E S S  ---------------

Threads class SMR info:
_java_thread_list=0x0000020070abe960, length=12, elements={
0x000002007005f800, 0x0000020070062800, 0x000002007087c000, 0x000002007087d800,
0x0000020070880800, 0x0000020070881800, 0x0000020070882800, 0x0000020070044800,
0x00000200709f1800, 0x0000020070a4c800, 0x0000020070a74800, 0x000002004f190800
}

Java Threads: ( => current thread )
  0x000002007005f800 JavaThread "Reference Handler" daemon [_thread_blocked, id=2500, stack(0x0000009d63300000,0x0000009d63400000)]
  0x0000020070062800 JavaThread "Finalizer" daemon [_thread_blocked, id=12296, stack(0x0000009d63400000,0x0000009d63500000)]
  0x000002007087c000 JavaThread "Signal Dispatcher" daemon [_thread_blocked, id=12036, stack(0x0000009d63500000,0x0000009d63600000)]
  0x000002007087d800 JavaThread "Attach Listener" daemon [_thread_blocked, id=10168, stack(0x0000009d63600000,0x0000009d63700000)]
  0x0000020070880800 JavaThread "C2 CompilerThread0" daemon [_thread_blocked, id=4544, stack(0x0000009d63700000,0x0000009d63800000)]
  0x0000020070881800 JavaThread "C1 CompilerThread0" daemon [_thread_blocked, id=9784, stack(0x0000009d63800000,0x0000009d63900000)]
  0x0000020070882800 JavaThread "Sweeper thread" daemon [_thread_blocked, id=7376, stack(0x0000009d63900000,0x0000009d63a00000)]
  0x0000020070044800 JavaThread "Common-Cleaner" daemon [_thread_blocked, id=2032, stack(0x0000009d63a00000,0x0000009d63b00000)]
  0x00000200709f1800 JavaThread "C2 CompilerThread1" daemon [_thread_blocked, id=8596, stack(0x0000009d63b00000,0x0000009d63c00000)]
  0x0000020070a4c800 JavaThread "Service Thread" daemon [_thread_blocked, id=13080, stack(0x0000009d63c00000,0x0000009d63d00000)]
=>0x0000020070a74800 JavaThread "Thread-0" [_thread_in_native, id=11352, stack(0x0000009d63e00000,0x0000009d63f00000)]
  0x000002004f190800 JavaThread "DestroyJavaVM" [_thread_blocked, id=8836, stack(0x0000009d62c00000,0x0000009d62d00000)]

Other Threads:
  0x000002007005c800 VMThread "VM Thread" [stack: 0x0000009d63200000,0x0000009d63300000] [id=10624]
  0x0000020070a51000 WatcherThread [stack: 0x0000009d63d00000,0x0000009d63e00000] [id=11796]
  0x000002004f1d2000 GCTaskThread "GC Thread#0" [stack: 0x0000009d62d00000,0x0000009d62e00000] [id=6728]
  0x000002004f1e4800 ConcurrentGCThread "G1 Main Marker" [stack: 0x0000009d62e00000,0x0000009d62f00000] [id=1592]
  0x000002004f1e6000 ConcurrentGCThread "G1 Conc#0" [stack: 0x0000009d62f00000,0x0000009d63000000] [id=9808]
  0x000002006fed6800 ConcurrentGCThread "G1 Refine#0" [stack: 0x0000009d63000000,0x0000009d63100000] [id=7268]
  0x000002006fed9800 ConcurrentGCThread "G1 Young RemSet Sampling" [stack: 0x0000009d63100000,0x0000009d63200000] [id=11544]

Threads with active compile tasks:

VM state:not at safepoint (normal execution)

VM Mutex/Monitor currently owned by a thread: None

Heap address: 0x0000000081c00000, size: 2020 MB, Compressed Oops mode: 32-bit
Narrow klass base: 0x0000000800000000, Narrow klass shift: 3
Compressed class space size: 1073741824 Address: 0x0000000800b40000

Heap:
 garbage-first heap   total 131072K, used 2048K [0x0000000081c00000, 0x0000000100000000)
  region size 1024K, 3 young (3072K), 0 survivors (0K)
 Metaspace       used 836K, capacity 4716K, committed 4864K, reserved 1056768K
  class space    used 81K, capacity 444K, committed 512K, reserved 1048576K
Heap Regions: E=young(eden), S=young(survivor), O=old, HS=humongous(starts), HC=humongous(continues), CS=collection set, F=free, A=archive, TAMS=top-at-mark-start (previous, next)
|   0|0x0000000081c00000, 0x0000000081c00000, 0x0000000081d00000|  0%| F|  |TAMS 0x0000000081c00000, 0x0000000081c00000| Untracked 
|   1|0x0000000081d00000, 0x0000000081d00000, 0x0000000081e00000|  0%| F|  |TAMS 0x0000000081d00000, 0x0000000081d00000| Untracked 
|   2|0x0000000081e00000, 0x0000000081e00000, 0x0000000081f00000|  0%| F|  |TAMS 0x0000000081e00000, 0x0000000081e00000| Untracked 
|   3|0x0000000081f00000, 0x0000000081f00000, 0x0000000082000000|  0%| F|  |TAMS 0x0000000081f00000, 0x0000000081f00000| Untracked 
|   4|0x0000000082000000, 0x0000000082000000, 0x0000000082100000|  0%| F|  |TAMS 0x0000000082000000, 0x0000000082000000| Untracked 
|   5|0x0000000082100000, 0x0000000082100000, 0x0000000082200000|  0%| F|  |TAMS 0x0000000082100000, 0x0000000082100000| Untracked 
|   6|0x0000000082200000, 0x0000000082200000, 0x0000000082300000|  0%| F|  |TAMS 0x0000000082200000, 0x0000000082200000| Untracked 
|   7|0x0000000082300000, 0x0000000082300000, 0x0000000082400000|  0%| F|  |TAMS 0x0000000082300000, 0x0000000082300000| Untracked 
|   8|0x0000000082400000, 0x0000000082400000, 0x0000000082500000|  0%| F|  |TAMS 0x0000000082400000, 0x0000000082400000| Untracked 
|   9|0x0000000082500000, 0x0000000082500000, 0x0000000082600000|  0%| F|  |TAMS 0x0000000082500000, 0x0000000082500000| Untracked 
|  10|0x0000000082600000, 0x0000000082600000, 0x0000000082700000|  0%| F|  |TAMS 0x0000000082600000, 0x0000000082600000| Untracked 
|  11|0x0000000082700000, 0x0000000082700000, 0x0000000082800000|  0%| F|  |TAMS 0x0000000082700000, 0x0000000082700000| Untracked 
|  12|0x0000000082800000, 0x0000000082800000, 0x0000000082900000|  0%| F|  |TAMS 0x0000000082800000, 0x0000000082800000| Untracked 
|  13|0x0000000082900000, 0x0000000082900000, 0x0000000082a00000|  0%| F|  |TAMS 0x0000000082900000, 0x0000000082900000| Untracked 
|  14|0x0000000082a00000, 0x0000000082a00000, 0x0000000082b00000|  0%| F|  |TAMS 0x0000000082a00000, 0x0000000082a00000| Untracked 
|  15|0x0000000082b00000, 0x0000000082b00000, 0x0000000082c00000|  0%| F|  |TAMS 0x0000000082b00000, 0x0000000082b00000| Untracked 
|  16|0x0000000082c00000, 0x0000000082c00000, 0x0000000082d00000|  0%| F|  |TAMS 0x0000000082c00000, 0x0000000082c00000| Untracked 
|  17|0x0000000082d00000, 0x0000000082d00000, 0x0000000082e00000|  0%| F|  |TAMS 0x0000000082d00000, 0x0000000082d00000| Untracked 
|  18|0x0000000082e00000, 0x0000000082e00000, 0x0000000082f00000|  0%| F|  |TAMS 0x0000000082e00000, 0x0000000082e00000| Untracked 
|  19|0x0000000082f00000, 0x0000000082f00000, 0x0000000083000000|  0%| F|  |TAMS 0x0000000082f00000, 0x0000000082f00000| Untracked 
|  20|0x0000000083000000, 0x0000000083000000, 0x0000000083100000|  0%| F|  |TAMS 0x0000000083000000, 0x0000000083000000| Untracked 
|  21|0x0000000083100000, 0x0000000083100000, 0x0000000083200000|  0%| F|  |TAMS 0x0000000083100000, 0x0000000083100000| Untracked 
|  22|0x0000000083200000, 0x0000000083200000, 0x0000000083300000|  0%| F|  |TAMS 0x0000000083200000, 0x0000000083200000| Untracked 
|  23|0x0000000083300000, 0x0000000083300000, 0x0000000083400000|  0%| F|  |TAMS 0x0000000083300000, 0x0000000083300000| Untracked 
|  24|0x0000000083400000, 0x0000000083400000, 0x0000000083500000|  0%| F|  |TAMS 0x0000000083400000, 0x0000000083400000| Untracked 
|  25|0x0000000083500000, 0x0000000083500000, 0x0000000083600000|  0%| F|  |TAMS 0x0000000083500000, 0x0000000083500000| Untracked 
|  26|0x0000000083600000, 0x0000000083600000, 0x0000000083700000|  0%| F|  |TAMS 0x0000000083600000, 0x0000000083600000| Untracked 
|  27|0x0000000083700000, 0x0000000083700000, 0x0000000083800000|  0%| F|  |TAMS 0x0000000083700000, 0x0000000083700000| Untracked 
|  28|0x0000000083800000, 0x0000000083800000, 0x0000000083900000|  0%| F|  |TAMS 0x0000000083800000, 0x0000000083800000| Untracked 
|  29|0x0000000083900000, 0x0000000083900000, 0x0000000083a00000|  0%| F|  |TAMS 0x0000000083900000, 0x0000000083900000| Untracked 
|  30|0x0000000083a00000, 0x0000000083a00000, 0x0000000083b00000|  0%| F|  |TAMS 0x0000000083a00000, 0x0000000083a00000| Untracked 
|  31|0x0000000083b00000, 0x0000000083b00000, 0x0000000083c00000|  0%| F|  |TAMS 0x0000000083b00000, 0x0000000083b00000| Untracked 
|  32|0x0000000083c00000, 0x0000000083c00000, 0x0000000083d00000|  0%| F|  |TAMS 0x0000000083c00000, 0x0000000083c00000| Untracked 
|  33|0x0000000083d00000, 0x0000000083d00000, 0x0000000083e00000|  0%| F|  |TAMS 0x0000000083d00000, 0x0000000083d00000| Untracked 
|  34|0x0000000083e00000, 0x0000000083e00000, 0x0000000083f00000|  0%| F|  |TAMS 0x0000000083e00000, 0x0000000083e00000| Untracked 
|  35|0x0000000083f00000, 0x0000000083f00000, 0x0000000084000000|  0%| F|  |TAMS 0x0000000083f00000, 0x0000000083f00000| Untracked 
|  36|0x0000000084000000, 0x0000000084000000, 0x0000000084100000|  0%| F|  |TAMS 0x0000000084000000, 0x0000000084000000| Untracked 
|  37|0x0000000084100000, 0x0000000084100000, 0x0000000084200000|  0%| F|  |TAMS 0x0000000084100000, 0x0000000084100000| Untracked 
|  38|0x0000000084200000, 0x0000000084200000, 0x0000000084300000|  0%| F|  |TAMS 0x0000000084200000, 0x0000000084200000| Untracked 
|  39|0x0000000084300000, 0x0000000084300000, 0x0000000084400000|  0%| F|  |TAMS 0x0000000084300000, 0x0000000084300000| Untracked 
|  40|0x0000000084400000, 0x0000000084400000, 0x0000000084500000|  0%| F|  |TAMS 0x0000000084400000, 0x0000000084400000| Untracked 
|  41|0x0000000084500000, 0x0000000084500000, 0x0000000084600000|  0%| F|  |TAMS 0x0000000084500000, 0x0000000084500000| Untracked 
|  42|0x0000000084600000, 0x0000000084600000, 0x0000000084700000|  0%| F|  |TAMS 0x0000000084600000, 0x0000000084600000| Untracked 
|  43|0x0000000084700000, 0x0000000084700000, 0x0000000084800000|  0%| F|  |TAMS 0x0000000084700000, 0x0000000084700000| Untracked 
|  44|0x0000000084800000, 0x0000000084800000, 0x0000000084900000|  0%| F|  |TAMS 0x0000000084800000, 0x0000000084800000| Untracked 
|  45|0x0000000084900000, 0x0000000084900000, 0x0000000084a00000|  0%| F|  |TAMS 0x0000000084900000, 0x0000000084900000| Untracked 
|  46|0x0000000084a00000, 0x0000000084a00000, 0x0000000084b00000|  0%| F|  |TAMS 0x0000000084a00000, 0x0000000084a00000| Untracked 
|  47|0x0000000084b00000, 0x0000000084b00000, 0x0000000084c00000|  0%| F|  |TAMS 0x0000000084b00000, 0x0000000084b00000| Untracked 
|  48|0x0000000084c00000, 0x0000000084c00000, 0x0000000084d00000|  0%| F|  |TAMS 0x0000000084c00000, 0x0000000084c00000| Untracked 
|  49|0x0000000084d00000, 0x0000000084d00000, 0x0000000084e00000|  0%| F|  |TAMS 0x0000000084d00000, 0x0000000084d00000| Untracked 
|  50|0x0000000084e00000, 0x0000000084e00000, 0x0000000084f00000|  0%| F|  |TAMS 0x0000000084e00000, 0x0000000084e00000| Untracked 
|  51|0x0000000084f00000, 0x0000000084f00000, 0x0000000085000000|  0%| F|  |TAMS 0x0000000084f00000, 0x0000000084f00000| Untracked 
|  52|0x0000000085000000, 0x0000000085000000, 0x0000000085100000|  0%| F|  |TAMS 0x0000000085000000, 0x0000000085000000| Untracked 
|  53|0x0000000085100000, 0x0000000085100000, 0x0000000085200000|  0%| F|  |TAMS 0x0000000085100000, 0x0000000085100000| Untracked 
|  54|0x0000000085200000, 0x0000000085200000, 0x0000000085300000|  0%| F|  |TAMS 0x0000000085200000, 0x0000000085200000| Untracked 
|  55|0x0000000085300000, 0x0000000085300000, 0x0000000085400000|  0%| F|  |TAMS 0x0000000085300000, 0x0000000085300000| Untracked 
|  56|0x0000000085400000, 0x0000000085400000, 0x0000000085500000|  0%| F|  |TAMS 0x0000000085400000, 0x0000000085400000| Untracked 
|  57|0x0000000085500000, 0x0000000085500000, 0x0000000085600000|  0%| F|  |TAMS 0x0000000085500000, 0x0000000085500000| Untracked 
|  58|0x0000000085600000, 0x0000000085600000, 0x0000000085700000|  0%| F|  |TAMS 0x0000000085600000, 0x0000000085600000| Untracked 
|  59|0x0000000085700000, 0x0000000085700000, 0x0000000085800000|  0%| F|  |TAMS 0x0000000085700000, 0x0000000085700000| Untracked 
|  60|0x0000000085800000, 0x0000000085800000, 0x0000000085900000|  0%| F|  |TAMS 0x0000000085800000, 0x0000000085800000| Untracked 
|  61|0x0000000085900000, 0x0000000085900000, 0x0000000085a00000|  0%| F|  |TAMS 0x0000000085900000, 0x0000000085900000| Untracked 
|  62|0x0000000085a00000, 0x0000000085a00000, 0x0000000085b00000|  0%| F|  |TAMS 0x0000000085a00000, 0x0000000085a00000| Untracked 
|  63|0x0000000085b00000, 0x0000000085b00000, 0x0000000085c00000|  0%| F|  |TAMS 0x0000000085b00000, 0x0000000085b00000| Untracked 
|  64|0x0000000085c00000, 0x0000000085c00000, 0x0000000085d00000|  0%| F|  |TAMS 0x0000000085c00000, 0x0000000085c00000| Untracked 
|  65|0x0000000085d00000, 0x0000000085d00000, 0x0000000085e00000|  0%| F|  |TAMS 0x0000000085d00000, 0x0000000085d00000| Untracked 
|  66|0x0000000085e00000, 0x0000000085e00000, 0x0000000085f00000|  0%| F|  |TAMS 0x0000000085e00000, 0x0000000085e00000| Untracked 
|  67|0x0000000085f00000, 0x0000000085f00000, 0x0000000086000000|  0%| F|  |TAMS 0x0000000085f00000, 0x0000000085f00000| Untracked 
|  68|0x0000000086000000, 0x0000000086000000, 0x0000000086100000|  0%| F|  |TAMS 0x0000000086000000, 0x0000000086000000| Untracked 
|  69|0x0000000086100000, 0x0000000086100000, 0x0000000086200000|  0%| F|  |TAMS 0x0000000086100000, 0x0000000086100000| Untracked 
|  70|0x0000000086200000, 0x0000000086200000, 0x0000000086300000|  0%| F|  |TAMS 0x0000000086200000, 0x0000000086200000| Untracked 
|  71|0x0000000086300000, 0x0000000086300000, 0x0000000086400000|  0%| F|  |TAMS 0x0000000086300000, 0x0000000086300000| Untracked 
|  72|0x0000000086400000, 0x0000000086400000, 0x0000000086500000|  0%| F|  |TAMS 0x0000000086400000, 0x0000000086400000| Untracked 
|  73|0x0000000086500000, 0x0000000086500000, 0x0000000086600000|  0%| F|  |TAMS 0x0000000086500000, 0x0000000086500000| Untracked 
|  74|0x0000000086600000, 0x0000000086600000, 0x0000000086700000|  0%| F|  |TAMS 0x0000000086600000, 0x0000000086600000| Untracked 
|  75|0x0000000086700000, 0x0000000086700000, 0x0000000086800000|  0%| F|  |TAMS 0x0000000086700000, 0x0000000086700000| Untracked 
|  76|0x0000000086800000, 0x0000000086800000, 0x0000000086900000|  0%| F|  |TAMS 0x0000000086800000, 0x0000000086800000| Untracked 
|  77|0x0000000086900000, 0x0000000086900000, 0x0000000086a00000|  0%| F|  |TAMS 0x0000000086900000, 0x0000000086900000| Untracked 
|  78|0x0000000086a00000, 0x0000000086a00000, 0x0000000086b00000|  0%| F|  |TAMS 0x0000000086a00000, 0x0000000086a00000| Untracked 
|  79|0x0000000086b00000, 0x0000000086b00000, 0x0000000086c00000|  0%| F|  |TAMS 0x0000000086b00000, 0x0000000086b00000| Untracked 
|  80|0x0000000086c00000, 0x0000000086c00000, 0x0000000086d00000|  0%| F|  |TAMS 0x0000000086c00000, 0x0000000086c00000| Untracked 
|  81|0x0000000086d00000, 0x0000000086d00000, 0x0000000086e00000|  0%| F|  |TAMS 0x0000000086d00000, 0x0000000086d00000| Untracked 
|  82|0x0000000086e00000, 0x0000000086e00000, 0x0000000086f00000|  0%| F|  |TAMS 0x0000000086e00000, 0x0000000086e00000| Untracked 
|  83|0x0000000086f00000, 0x0000000086f00000, 0x0000000087000000|  0%| F|  |TAMS 0x0000000086f00000, 0x0000000086f00000| Untracked 
|  84|0x0000000087000000, 0x0000000087000000, 0x0000000087100000|  0%| F|  |TAMS 0x0000000087000000, 0x0000000087000000| Untracked 
|  85|0x0000000087100000, 0x0000000087100000, 0x0000000087200000|  0%| F|  |TAMS 0x0000000087100000, 0x0000000087100000| Untracked 
|  86|0x0000000087200000, 0x0000000087200000, 0x0000000087300000|  0%| F|  |TAMS 0x0000000087200000, 0x0000000087200000| Untracked 
|  87|0x0000000087300000, 0x0000000087300000, 0x0000000087400000|  0%| F|  |TAMS 0x0000000087300000, 0x0000000087300000| Untracked 
|  88|0x0000000087400000, 0x0000000087400000, 0x0000000087500000|  0%| F|  |TAMS 0x0000000087400000, 0x0000000087400000| Untracked 
|  89|0x0000000087500000, 0x0000000087500000, 0x0000000087600000|  0%| F|  |TAMS 0x0000000087500000, 0x0000000087500000| Untracked 
|  90|0x0000000087600000, 0x0000000087600000, 0x0000000087700000|  0%| F|  |TAMS 0x0000000087600000, 0x0000000087600000| Untracked 
|  91|0x0000000087700000, 0x0000000087700000, 0x0000000087800000|  0%| F|  |TAMS 0x0000000087700000, 0x0000000087700000| Untracked 
|  92|0x0000000087800000, 0x0000000087800000, 0x0000000087900000|  0%| F|  |TAMS 0x0000000087800000, 0x0000000087800000| Untracked 
|  93|0x0000000087900000, 0x0000000087900000, 0x0000000087a00000|  0%| F|  |TAMS 0x0000000087900000, 0x0000000087900000| Untracked 
|  94|0x0000000087a00000, 0x0000000087a00000, 0x0000000087b00000|  0%| F|  |TAMS 0x0000000087a00000, 0x0000000087a00000| Untracked 
|  95|0x0000000087b00000, 0x0000000087b00000, 0x0000000087c00000|  0%| F|  |TAMS 0x0000000087b00000, 0x0000000087b00000| Untracked 
|  96|0x0000000087c00000, 0x0000000087c00000, 0x0000000087d00000|  0%| F|  |TAMS 0x0000000087c00000, 0x0000000087c00000| Untracked 
|  97|0x0000000087d00000, 0x0000000087d00000, 0x0000000087e00000|  0%| F|  |TAMS 0x0000000087d00000, 0x0000000087d00000| Untracked 
|  98|0x0000000087e00000, 0x0000000087e00000, 0x0000000087f00000|  0%| F|  |TAMS 0x0000000087e00000, 0x0000000087e00000| Untracked 
|  99|0x0000000087f00000, 0x0000000087f00000, 0x0000000088000000|  0%| F|  |TAMS 0x0000000087f00000, 0x0000000087f00000| Untracked 
| 100|0x0000000088000000, 0x0000000088000000, 0x0000000088100000|  0%| F|  |TAMS 0x0000000088000000, 0x0000000088000000| Untracked 
| 101|0x0000000088100000, 0x0000000088100000, 0x0000000088200000|  0%| F|  |TAMS 0x0000000088100000, 0x0000000088100000| Untracked 
| 102|0x0000000088200000, 0x0000000088200000, 0x0000000088300000|  0%| F|  |TAMS 0x0000000088200000, 0x0000000088200000| Untracked 
| 103|0x0000000088300000, 0x0000000088300000, 0x0000000088400000|  0%| F|  |TAMS 0x0000000088300000, 0x0000000088300000| Untracked 
| 104|0x0000000088400000, 0x0000000088400000, 0x0000000088500000|  0%| F|  |TAMS 0x0000000088400000, 0x0000000088400000| Untracked 
| 105|0x0000000088500000, 0x0000000088500000, 0x0000000088600000|  0%| F|  |TAMS 0x0000000088500000, 0x0000000088500000| Untracked 
| 106|0x0000000088600000, 0x0000000088600000, 0x0000000088700000|  0%| F|  |TAMS 0x0000000088600000, 0x0000000088600000| Untracked 
| 107|0x0000000088700000, 0x0000000088700000, 0x0000000088800000|  0%| F|  |TAMS 0x0000000088700000, 0x0000000088700000| Untracked 
| 108|0x0000000088800000, 0x0000000088800000, 0x0000000088900000|  0%| F|  |TAMS 0x0000000088800000, 0x0000000088800000| Untracked 
| 109|0x0000000088900000, 0x0000000088900000, 0x0000000088a00000|  0%| F|  |TAMS 0x0000000088900000, 0x0000000088900000| Untracked 
| 110|0x0000000088a00000, 0x0000000088a00000, 0x0000000088b00000|  0%| F|  |TAMS 0x0000000088a00000, 0x0000000088a00000| Untracked 
| 111|0x0000000088b00000, 0x0000000088b00000, 0x0000000088c00000|  0%| F|  |TAMS 0x0000000088b00000, 0x0000000088b00000| Untracked 
| 112|0x0000000088c00000, 0x0000000088c00000, 0x0000000088d00000|  0%| F|  |TAMS 0x0000000088c00000, 0x0000000088c00000| Untracked 
| 113|0x0000000088d00000, 0x0000000088d00000, 0x0000000088e00000|  0%| F|  |TAMS 0x0000000088d00000, 0x0000000088d00000| Untracked 
| 114|0x0000000088e00000, 0x0000000088e00000, 0x0000000088f00000|  0%| F|  |TAMS 0x0000000088e00000, 0x0000000088e00000| Untracked 
| 115|0x0000000088f00000, 0x0000000088f00000, 0x0000000089000000|  0%| F|  |TAMS 0x0000000088f00000, 0x0000000088f00000| Untracked 
| 116|0x0000000089000000, 0x0000000089000000, 0x0000000089100000|  0%| F|  |TAMS 0x0000000089000000, 0x0000000089000000| Untracked 
| 117|0x0000000089100000, 0x0000000089100000, 0x0000000089200000|  0%| F|  |TAMS 0x0000000089100000, 0x0000000089100000| Untracked 
| 118|0x0000000089200000, 0x0000000089200000, 0x0000000089300000|  0%| F|  |TAMS 0x0000000089200000, 0x0000000089200000| Untracked 
| 119|0x0000000089300000, 0x0000000089300000, 0x0000000089400000|  0%| F|  |TAMS 0x0000000089300000, 0x0000000089300000| Untracked 
| 120|0x0000000089400000, 0x0000000089400000, 0x0000000089500000|  0%| F|  |TAMS 0x0000000089400000, 0x0000000089400000| Untracked 
| 121|0x0000000089500000, 0x0000000089500000, 0x0000000089600000|  0%| F|  |TAMS 0x0000000089500000, 0x0000000089500000| Untracked 
| 122|0x0000000089600000, 0x0000000089600000, 0x0000000089700000|  0%| F|  |TAMS 0x0000000089600000, 0x0000000089600000| Untracked 
| 123|0x0000000089700000, 0x0000000089700000, 0x0000000089800000|  0%| F|  |TAMS 0x0000000089700000, 0x0000000089700000| Untracked 
| 124|0x0000000089800000, 0x0000000089800000, 0x0000000089900000|  0%| F|  |TAMS 0x0000000089800000, 0x0000000089800000| Untracked 
| 125|0x0000000089900000, 0x0000000089a00000, 0x0000000089a00000|100%| E|  |TAMS 0x0000000089900000, 0x0000000089900000| Complete 
| 126|0x0000000089a00000, 0x0000000089b00000, 0x0000000089b00000|100%| E|CS|TAMS 0x0000000089a00000, 0x0000000089a00000| Complete 
| 127|0x0000000089b00000, 0x0000000089c00000, 0x0000000089c00000|100%| E|CS|TAMS 0x0000000089b00000, 0x0000000089b00000| Complete 

Card table byte_map: [0x0000020068e30000,0x0000020069230000] _byte_map_base: 0x0000020068a22000

Marking Bits (Prev, Next): (CMBitMap*) 0x000002004f1d3df8, (CMBitMap*) 0x000002004f1d3e38
 Prev Bits: [0x0000020069630000, 0x000002006b5c0000)
 Next Bits: [0x000002006b5c0000, 0x000002006d550000)

Polling page: 0x000002004f260000

Metaspace:

Usage:
  Non-class:      4.17 MB capacity,   754.20 KB ( 18%) used,     3.43 MB ( 82%) free+waste,     2.44 KB ( <1%) overhead. 
      Class:    444.00 KB capacity,    81.80 KB ( 18%) used,   360.57 KB ( 81%) free+waste,     1.63 KB ( <1%) overhead. 
       Both:      4.61 MB capacity,   836.00 KB ( 18%) used,     3.79 MB ( 82%) free+waste,     4.06 KB ( <1%) overhead. 

Virtual space:
  Non-class space:        8.00 MB reserved,       4.25 MB ( 53%) committed 
      Class space:        1.00 GB reserved,     512.00 KB ( <1%) committed 
             Both:        1.01 GB reserved,       4.75 MB ( <1%) committed 

Chunk freelists:
   Non-Class:  16.00 KB
       Class:  4.00 KB
        Both:  20.00 KB

MaxMetaspaceSize: 17179869184.00 GB
CompressedClassSpaceSize: 1.00 GB

CodeHeap 'non-profiled nmethods': size=120000Kb used=83Kb max_used=83Kb free=119916Kb
 bounds [0x0000020060950000, 0x0000020060bc0000, 0x0000020067e80000]
CodeHeap 'profiled nmethods': size=120000Kb used=341Kb max_used=341Kb free=119658Kb
 bounds [0x0000020059420000, 0x0000020059690000, 0x0000020060950000]
CodeHeap 'non-nmethods': size=5760Kb used=1109Kb max_used=1133Kb free=4650Kb
 bounds [0x0000020058e80000, 0x00000200590f0000, 0x0000020059420000]
 total_blobs=957 nmethods=271 adapters=253
 compilation: enabled
              stopped_count=0, restarted_count=0
 full_count=0

Compilation events (20 events):
Event: 0.099 Thread 0x0000020070881800 nmethod 264 0x0000020059471310 code [0x00000200594714e0, 0x0000020059471800]
Event: 0.099 Thread 0x0000020070881800  260  s    3       java.lang.StringBuffer::append (13 bytes)
Event: 0.099 Thread 0x0000020070881800 nmethod 260 0x0000020059471910 code [0x0000020059471ac0, 0x0000020059471e50]
Event: 0.100 Thread 0x0000020070881800  261       3       java.lang.StringBuffer::<init> (7 bytes)
Event: 0.100 Thread 0x0000020070881800 nmethod 261 0x0000020059471f10 code [0x00000200594720c0, 0x0000020059472270]
Event: 0.100 Thread 0x0000020070881800  262  s    3       java.lang.StringBuffer::toString (59 bytes)
Event: 0.100 Thread 0x0000020070881800 nmethod 262 0x0000020059472310 code [0x0000020059472520, 0x0000020059472ec0]
Event: 0.100 Thread 0x0000020070881800  263  s    3       java.lang.StringBuffer::append (13 bytes)
Event: 0.100 Thread 0x0000020070881800 nmethod 263 0x0000020059473110 code [0x00000200594732c0, 0x0000020059473650]
Event: 0.100 Thread 0x0000020070881800  267       3       java.lang.String::toLowerCase (8 bytes)
Event: 0.100 Thread 0x0000020070881800 nmethod 267 0x0000020059473710 code [0x0000020059473900, 0x0000020059473d00]
Event: 0.101 Thread 0x0000020070881800  269       3       java.lang.String::toString (2 bytes)
Event: 0.101 Thread 0x0000020070881800 nmethod 269 0x0000020059473e10 code [0x0000020059473fa0, 0x0000020059474118]
Event: 0.101 Thread 0x0000020070881800  270       3       java.lang.StringLatin1::indexOf (121 bytes)
Event: 0.101 Thread 0x0000020070881800 nmethod 270 0x0000020059474190 code [0x0000020059474360, 0x0000020059474898]
Event: 0.101 Thread 0x0000020070881800  271       3       java.lang.String::replace (42 bytes)
Event: 0.101 Thread 0x00000200709f1800 nmethod 268 0x0000020060964a90 code [0x0000020060964c20, 0x0000020060964dd8]
Event: 0.101 Thread 0x0000020070881800 nmethod 271 0x0000020059474b10 code [0x0000020059474ce0, 0x0000020059475080]
Event: 0.102 Thread 0x0000020070881800  272       3       java.util.concurrent.ConcurrentHashMap::setTabAt (20 bytes)
Event: 0.102 Thread 0x0000020070881800 nmethod 272 0x0000020059475190 code [0x0000020059475340, 0x0000020059475638]

GC Heap History (0 events):
No events

Deoptimization events (0 events):
No events

Classes unloaded (0 events):
No events

Classes redefined (0 events):
No events

Internal exceptions (7 events):
Event: 0.060 Thread 0x000002004f190800 Exception <a 'sun/nio/fs/WindowsException'{0x0000000089bd65f0}> (0x0000000089bd65f0) 
thrown [t:/workspace/open/src/hotspot/share/prims/jni.cpp, line 598]
Event: 0.060 Thread 0x000002004f190800 Exception <a 'sun/nio/fs/WindowsException'{0x0000000089bd6b18}> (0x0000000089bd6b18) 
thrown [t:/workspace/open/src/hotspot/share/prims/jni.cpp, line 598]
Event: 0.061 Thread 0x000002004f190800 Exception <a 'sun/nio/fs/WindowsException'{0x0000000089bd8dd8}> (0x0000000089bd8dd8) 
thrown [t:/workspace/open/src/hotspot/share/prims/jni.cpp, line 598]
Event: 0.094 Thread 0x000002004f190800 Exception <a 'java/io/FileNotFoundException'{0x00000000899222b8}> (0x00000000899222b8) 
thrown [t:/workspace/open/src/hotspot/share/prims/jni.cpp, line 598]
Event: 0.095 Thread 0x000002004f190800 Exception <a 'java/io/FileNotFoundException'{0x0000000089922ce8}> (0x0000000089922ce8) 
thrown [t:/workspace/open/src/hotspot/share/prims/jni.cpp, line 598]
Event: 0.097 Thread 0x000002004f190800 Exception <a 'java/io/FileNotFoundException'{0x0000000089932330}> (0x0000000089932330) 
thrown [t:/workspace/open/src/hotspot/share/prims/jni.cpp, line 598]
Event: 0.097 Thread 0x000002004f190800 Exception <a 'java/io/FileNotFoundException'{0x0000000089932ad0}> (0x0000000089932ad0) 
thrown [t:/workspace/open/src/hotspot/share/prims/jni.cpp, line 598]

Events (20 events):
Event: 0.100 loading class gnu/io/Zystem
Event: 0.100 loading class gnu/io/Zystem done
Event: 0.101 loading class gnu/io/UnSupportedLoggerException
Event: 0.101 loading class gnu/io/UnSupportedLoggerException done
Event: 0.101 loading class java/lang/NumberFormatException
Event: 0.101 loading class java/lang/NumberFormatException done
Event: 0.102 loading class java/lang/IndexOutOfBoundsException
Event: 0.102 loading class java/lang/IndexOutOfBoundsException done
Event: 0.104 loading class gnu/io/RXTXPort$MonitorThread
Event: 0.104 loading class gnu/io/RXTXPort$MonitorThread done
Event: 0.104 Thread 0x0000020070a74800 Thread added: 0x0000020070a74800
Event: 0.110 loading class java/io/BufferedReader
Event: 0.110 loading class java/io/BufferedReader done
Event: 0.110 loading class sun/nio/cs/StreamDecoder
Event: 0.110 loading class sun/nio/cs/StreamDecoder done
Event: 0.111 Thread 0x0000020070a8b800 Thread added: 0x0000020070a8b800
Event: 0.111 Thread 0x000002004f190800 Thread exited: 0x000002004f190800
Event: 0.111 Thread 0x000002004f190800 Thread added: 0x000002004f190800
Event: 1.596 Executing VM operation: RevokeBias
Event: 1.596 Executing VM operation: RevokeBias done


Dynamic libraries:
0x00007ff68c2f0000 - 0x00007ff68c2ff000 	C:\Program Files\Java\jdk-13.0.1\bin\java.exe
0x00007ff92c000000 - 0x00007ff92c1f0000 	C:\WINDOWS\SYSTEM32\ntdll.dll
0x00007ff92b9c0000 - 0x00007ff92ba72000 	C:\WINDOWS\System32\KERNEL32.DLL
0x00007ff928f90000 - 0x00007ff929233000 	C:\WINDOWS\System32\KERNELBASE.dll
0x00007ff929520000 - 0x00007ff92961a000 	C:\WINDOWS\System32\ucrtbase.dll
0x00007ff915440000 - 0x00007ff915455000 	C:\Program Files\Java\jdk-13.0.1\bin\VCRUNTIME140.dll
0x00007ff9243c0000 - 0x00007ff9243d8000 	C:\Program Files\Java\jdk-13.0.1\bin\jli.dll
0x00007ff92ba80000 - 0x00007ff92bb23000 	C:\WINDOWS\System32\ADVAPI32.dll
0x00007ff92b580000 - 0x00007ff92b61e000 	C:\WINDOWS\System32\msvcrt.dll
0x00007ff92b920000 - 0x00007ff92b9b7000 	C:\WINDOWS\System32\sechost.dll
0x00007ff92b2a0000 - 0x00007ff92b3c0000 	C:\WINDOWS\System32\RPCRT4.dll
0x00007ff92a950000 - 0x00007ff92aae4000 	C:\WINDOWS\System32\USER32.dll
0x00007ff9294f0000 - 0x00007ff929511000 	C:\WINDOWS\System32\win32u.dll
0x00007ff9213b0000 - 0x00007ff921635000 	C:\WINDOWS\WinSxS\amd64_microsoft.windows.common-controls_6595b64144ccf1df_6.0.18362.476_none_e6c4b11b130f2595\COMCTL32.dll
0x00007ff92acb0000 - 0x00007ff92acd6000 	C:\WINDOWS\System32\GDI32.dll
0x00007ff92bb30000 - 0x00007ff92be66000 	C:\WINDOWS\System32\combase.dll
0x00007ff929f10000 - 0x00007ff92a0a4000 	C:\WINDOWS\System32\gdi32full.dll
0x00007ff929470000 - 0x00007ff9294f0000 	C:\WINDOWS\System32\bcryptPrimitives.dll
0x00007ff929240000 - 0x00007ff9292de000 	C:\WINDOWS\System32\msvcp_win.dll
0x00007ff923380000 - 0x00007ff92338a000 	C:\WINDOWS\SYSTEM32\VERSION.dll
0x00007ff92ac70000 - 0x00007ff92ac9e000 	C:\WINDOWS\System32\IMM32.DLL
0x00007ff8cf010000 - 0x00007ff8cf0ab000 	C:\Program Files\Java\jdk-13.0.1\bin\msvcp140.dll
0x00007ff8c8800000 - 0x00007ff8c9366000 	C:\Program Files\Java\jdk-13.0.1\bin\server\jvm.dll
0x00007ff92b7e0000 - 0x00007ff92b7e8000 	C:\WINDOWS\System32\PSAPI.DLL
0x00007ff927000000 - 0x00007ff927024000 	C:\WINDOWS\SYSTEM32\WINMM.dll
0x00007ff927050000 - 0x00007ff927059000 	C:\WINDOWS\SYSTEM32\WSOCK32.dll
0x00007ff92b3e0000 - 0x00007ff92b44f000 	C:\WINDOWS\System32\WS2_32.dll
0x00007ff926fd0000 - 0x00007ff926ffd000 	C:\WINDOWS\SYSTEM32\WINMMBASE.dll
0x00007ff9292e0000 - 0x00007ff92932a000 	C:\WINDOWS\System32\cfgmgr32.dll
0x00007ff928ee0000 - 0x00007ff928ef1000 	C:\WINDOWS\System32\kernel.appcore.dll
0x00007ff91c320000 - 0x00007ff91c330000 	C:\Program Files\Java\jdk-13.0.1\bin\verify.dll
0x00007ff913b60000 - 0x00007ff913d54000 	C:\WINDOWS\SYSTEM32\DBGHELP.DLL
0x00007ff913b30000 - 0x00007ff913b5a000 	C:\WINDOWS\SYSTEM32\dbgcore.DLL
0x00007ff909740000 - 0x00007ff909766000 	C:\Program Files\Java\jdk-13.0.1\bin\java.dll
0x00007ff90d470000 - 0x00007ff90d487000 	C:\Program Files\Java\jdk-13.0.1\bin\zip.dll
0x00007ff91c240000 - 0x00007ff91c24a000 	C:\Program Files\Java\jdk-13.0.1\bin\jimage.dll
0x00007ff92a260000 - 0x00007ff92a945000 	C:\WINDOWS\System32\SHELL32.dll
0x00007ff92abc0000 - 0x00007ff92ac69000 	C:\WINDOWS\System32\shcore.dll
0x00007ff929620000 - 0x00007ff929d9e000 	C:\WINDOWS\System32\windows.storage.dll
0x00007ff928f70000 - 0x00007ff928f8f000 	C:\WINDOWS\System32\profapi.dll
0x00007ff928f00000 - 0x00007ff928f4a000 	C:\WINDOWS\System32\powrprof.dll
0x00007ff928ed0000 - 0x00007ff928ee0000 	C:\WINDOWS\System32\UMPDC.dll
0x00007ff92b450000 - 0x00007ff92b4a2000 	C:\WINDOWS\System32\shlwapi.dll
0x00007ff929ef0000 - 0x00007ff929f07000 	C:\WINDOWS\System32\cryptsp.dll
0x00007ff909720000 - 0x00007ff909739000 	C:\Program Files\Java\jdk-13.0.1\bin\net.dll
0x00007ff921f20000 - 0x00007ff922010000 	C:\WINDOWS\SYSTEM32\WINHTTP.dll
0x00007ff928740000 - 0x00007ff9287a7000 	C:\WINDOWS\system32\mswsock.dll
0x00007ff9095a0000 - 0x00007ff9095b3000 	C:\Program Files\Java\jdk-13.0.1\bin\nio.dll
0x0000000180000000 - 0x0000000180025000 	C:\Program Files\Java\jdk-13\bin\rxtxSerial.dll

dbghelp: loaded successfully - version: 4.0.5 - missing functions: none
symbol engine: initialized successfully - sym options: 0x614 - pdb path: .;C:\Program Files\Java\jdk-13.0.1\bin;C:\WINDOWS\SYSTEM32;C:\WINDOWS\WinSxS\amd64_microsoft.windows.common-controls_6595b64144ccf1df_6.0.18362.476_none_e6c4b11b130f2595;C:\Program Files\Java\jdk-13.0.1\bin\server;C:\Program Files\Java\jdk-13\bin

VM Arguments:
jvm_args: -Dfile.encoding=UTF-8 --module-path=C:\Users\user\Documents\NetBeansProjects\CALCULATOR\build\classes 
java_command: calculator.CALCULATOR
java_class_path (initial): C:\Users\user\Documents\NetBeansProjects\CALCULATOR\test;C:\Users\user\Downloads\PanamaHitek_Arduino-2.8.2.jar;C:\Users\user\Downloads\arduino.jar;C:\Users\user\Downloads\jSerialComm-2.5.3.jar;C:\Users\user\Downloads\ojdbc14.jar;C:\Users\user\Downloads\ojdbc7 (1).jar;C:\Users\user\Downloads\ojdbc7.jar;E:\EDUCATIONAL\JAVA\New folder\RXTXcomm.jar;C:\Users\user\Documents\NetBeansProjects\CALCULATOR\build\classes
Launcher Type: SUN_STANDARD

[Global flags]
     intx CICompilerCount                          = 4                                         {product} {ergonomic}
     uint ConcGCThreads                            = 2                                         {product} {ergonomic}
     uint G1ConcRefinementThreads                  = 8                                         {product} {ergonomic}
   size_t G1HeapRegionSize                         = 1048576                                   {product} {ergonomic}
    uintx GCDrainStackTargetSize                   = 64                                        {product} {ergonomic}
   size_t InitialHeapSize                          = 134217728                                 {product} {ergonomic}
   size_t MarkStackSize                            = 4194304                                   {product} {ergonomic}
   size_t MaxHeapSize                              = 2118123520                                {product} {ergonomic}
   size_t MaxNewSize                               = 1270874112                                {product} {ergonomic}
   size_t MinHeapDeltaBytes                        = 1048576                                   {product} {ergonomic}
   size_t MinHeapSize                              = 8388608                                   {product} {ergonomic}
    uintx NonNMethodCodeHeapSize                   = 5836300                                {pd product} {ergonomic}
    uintx NonProfiledCodeHeapSize                  = 122910970                              {pd product} {ergonomic}
    uintx ProfiledCodeHeapSize                     = 122910970                              {pd product} {ergonomic}
    uintx ReservedCodeCacheSize                    = 251658240                              {pd product} {ergonomic}
     bool SegmentedCodeCache                       = true                                      {product} {ergonomic}
   size_t SoftMaxHeapSize                          = 2118123520                             {manageable} {ergonomic}
     bool UseCompressedClassPointers               = true                                 {lp64_product} {ergonomic}
     bool UseCompressedOops                        = true                                 {lp64_product} {ergonomic}
     bool UseG1GC                                  = true                                      {product} {ergonomic}
     bool UseLargePagesIndividualAllocation        = false                                  {pd product} {ergonomic}

Logging:
Log output configuration:
 #0: stdout all=warning uptime,level,tags
 #1: stderr all=off uptime,level,tags

Environment Variables:
JAVA_HOME=C:\Program Files\Java\jdk-13
PATH=C:\Program Files (x86)\Common Files\Oracle\Java\javapath;C:\WINDOWS\system32;C:\WINDOWS;C:\WINDOWS\System32\Wbem;C:\WINDOWS\System32\WindowsPowerShell\v1.0\;C:\WINDOWS\System32\OpenSSH\;C:\Program Files\Java\jdk-13\bin;C:\Program Files\Java\jre1.8.0_231\bin;C:\Users\user\AppData\Local\Programs\Python\Python37-32\Scripts\;C:\Users\user\AppData\Local\Programs\Python\Python37-32\;C:\Users\user\AppData\Local\Microsoft\WindowsApps;C:\Program Files\JetBrains\IntelliJ IDEA Community Edition 2019.2.4\bin;;C:\Program Files\JetBrains\PyCharm Community Edition 2019.2.4\bin;
USERNAME=Aditya
OS=Windows_NT
PROCESSOR_IDENTIFIER=Intel64 Family 6 Model 158 Stepping 9, GenuineIntel



---------------  S Y S T E M  ---------------

OS: Windows 10 , 64 bit Build 18362 (10.0.18362.329)

CPU:total 8 (initial active 8) (4 cores per cpu, 2 threads per core) family 6 model 158 stepping 9, cmov, cx8, fxsr, mmx, sse, sse2, sse3, ssse3, sse4.1, sse4.2, popcnt, avx, avx2, aes, clmul, erms, 3dnowpref, lzcnt, ht, tsc, tscinvbit, bmi1, bmi2, adx, fma

Memory: 4k page, system-wide physical 8076M (2088M free)
TotalPageFile size 11336M (AvailPageFile size 1197M)
current process WorkingSet (physical memory assigned to process): 34M, peak: 34M
current process commit charge ("private bytes"): 216M, peak: 216M

vm_info: Java HotSpot(TM) 64-Bit Server VM (13.0.1+9) for windows-amd64 JRE (13.0.1+9), built on Oct  6 2019 12:37:49 by "mach5one" with unknown MS VC++:1916

END.
