#
# A fatal error has been detected by the Java Runtime Environment:
#
#  EXCEPTION_ACCESS_VIOLATION (0xc0000005) at pc=0x0000000180005b00, pid=1796, tid=1356
#
# JRE version: Java(TM) SE Runtime Environment (13.0+33) (build 13-ea+33)
# Java VM: Java HotSpot(TM) 64-Bit Server VM (13-ea+33, mixed mode, sharing, tiered, compressed oops, g1 gc, windows-amd64)
# Problematic frame:
# C  [rxtxSerial.dll+0x5b00]
#
# No core dump will be written. Minidumps are not enabled by default on client versions of Windows
#
# If you would like to submit a bug report, please visit:
#   http://bugreport.java.com/bugreport/crash.jsp
# The crash happened outside the Java Virtual Machine in native code.
# See problematic frame for where to report the bug.
#

---------------  S U M M A R Y ------------

Command Line: -Dfile.encoding=UTF-8 --module-path=C:\Users\user\Documents\NetBeansProjects\CALCULATOR\build\classes calculator.CALCULATOR

Host: Intel(R) Core(TM) i7-7700HQ CPU @ 2.80GHz, 8 cores, 7G,  Windows 10 , 64 bit Build 18362 (10.0.18362.329)
Time: Tue Nov 26 18:31:55 2019 India Standard Time elapsed time: 0 seconds (0d 0h 0m 0s)

---------------  T H R E A D  ---------------

Current thread (0x000001fe7c1a9800):  JavaThread "Thread-0" [_thread_in_native, id=1356, stack(0x0000003ed1400000,0x0000003ed1500000)]

Stack: [0x0000003ed1400000,0x0000003ed1500000],  sp=0x0000003ed14fdd30,  free space=1015k
Native frames: (J=compiled Java code, j=interpreted, Vv=VM code, C=native code)
C  [rxtxSerial.dll+0x5b00]

Java frames: (J=compiled Java code, j=interpreted, Vv=VM code)
j  gnu.io.RXTXPort.readArray([BII)I+0
j  gnu.io.RXTXPort$SerialInputStream.read([BII)I+212
j  sun.nio.cs.StreamDecoder.readBytes()I+135 java.base@13-ea
j  sun.nio.cs.StreamDecoder.implRead([CII)I+112 java.base@13-ea
j  sun.nio.cs.StreamDecoder.read([CII)I+180 java.base@13-ea
j  java.io.InputStreamReader.read([CII)I+7 java.base@13-ea
j  java.io.BufferedReader.fill()V+145 java.base@13-ea
j  java.io.BufferedReader.readLine(Z)Ljava/lang/String;+44 java.base@13-ea
j  java.io.BufferedReader.readLine()Ljava/lang/String;+2 java.base@13-ea
j  calculator.CALCULATOR.serialEvent(Lgnu/io/SerialPortEvent;)V+12
j  gnu.io.RXTXPort.sendEvent(IZ)Z+382
v  ~StubRoutines::call_stub
j  gnu.io.RXTXPort.eventLoop()V+0
j  gnu.io.RXTXPort$MonitorThread.run()V+12
v  ~StubRoutines::call_stub

siginfo: EXCEPTION_ACCESS_VIOLATION (0xc0000005), reading address 0xffffffffd14feb78


Register to memory mapping:

RIP=0x0000000180005b00 rxtxSerial.dll
RAX=0x0000000000000001 is an unknown value
RBX=0x0 is NULL
RCX=0x000000018001d4d5 rxtxSerial.dll
RDX=0xfffffffffffff665 is an unknown value
RSP=0x0000003ed14fdd30 is pointing into the stack for thread: 0x000001fe7c1a9800
RBP=
[error occurred during error reporting (printing register info), id 0xc0000005, EXCEPTION_ACCESS_VIOLATION (0xc0000005) at pc=0x00007ff86211871f]

Registers:
RAX=0x0000000000000001, RBX=0x0000000000000000, RCX=0x000000018001d4d5, RDX=0xfffffffffffff665
RSP=0x0000003ed14fdd30, RBP=0x00000000ffffffff, RSI=0x0000000000000000, RDI=0x000001fe7c1a9b10
R8 =0x0000000000000002, R9 =0xfffffffffffff63c, R10=0x00007ff8621f1eb0, R11=0x8101010101010100
R12=0xffffffffd14feb70, R13=0x0000000000000001, R14=0x0000003ed14fdf20, R15=0x0000000000000000
RIP=0x0000000180005b00, EFLAGS=0x0000000000010202

Top of Stack: (sp=0x0000003ed14fdd30)
0x0000003ed14fdd30:   0000000000000000 ffffffffd14feb70
0x0000003ed14fdd40:   0000000000000000 000001fe7c1a9b10
0x0000003ed14fdd50:   0000000000000000 0000003ed14fdf20
0x0000003ed14fdd60:   000001fe7bb083f0 0000000000000001
0x0000003ed14fdd70:   000001fe7c1a9b10 0000000000000001
0x0000003ed14fdd80:   ffffffffffffffff 0000000180006211
0x0000003ed14fdd90:   000001fe7c17d2d0 ffffffffffffffff
0x0000003ed14fdda0:   0000000000000001 000001fe7c17d2d0
0x0000003ed14fddb0:   000001fe00000001 00007ff8ffffffff
0x0000003ed14fddc0:   0000003ed14fdf28 0000003ed14fdf28
0x0000003ed14fddd0:   000001fe7c1a9800 0000003ed14fdf28
0x0000003ed14fdde0:   0000003ed14fdef0 00007ff8621ab0c7
0x0000003ed14fddf0:   0000003ed14fde10 000001fe7c1a9800
0x0000003ed14fde00:   000000000014ab34 0000a602112ff980
0x0000003ed14fde10:   000001fe7bb083f8 000001fe7bb083f0
0x0000003ed14fde20:   000001fe7c1a9800 0000003ed14fdf28 

Instructions: (pc=0x0000000180005b00)
0x0000000180005a00:   5d c3 cc cc cc cc cc cc cc cc cc cc cc cc cc cc
0x0000000180005a10:   48 89 5c 24 08 4c 89 4c 24 20 44 89 44 24 18 55
0x0000000180005a20:   56 57 41 54 41 55 41 56 41 57 48 83 ec 20 48 8b
0x0000000180005a30:   2a 48 8b 01 33 db 48 8b d5 48 8b f9 44 8b fb 8b
0x0000000180005a40:   f3 ff 90 f8 00 00 00 4c 8d 0d 9e 70 01 00 4c 8b
0x0000000180005a50:   e0 48 8b 07 4c 8d 05 b5 70 01 00 49 8b d4 48 8b
0x0000000180005a60:   cf ff 90 f0 02 00 00 48 8b cf 4c 8b c0 48 85 c0
0x0000000180005a70:   48 8b 07 75 28 ff 90 80 00 00 00 4c 8b 1f 48 8b
0x0000000180005a80:   cf 41 ff 93 88 00 00 00 4c 8b 1f 49 8b d4 48 8b
0x0000000180005a90:   cf 41 ff 93 b8 00 00 00 4c 8b e3 eb 54 48 8b d5
0x0000000180005aa0:   ff 90 20 03 00 00 49 8b d4 48 8b cf 48 63 e8 48
0x0000000180005ab0:   8b 07 ff 90 b8 00 00 00 48 8d 15 51 70 01 00 48
0x0000000180005ac0:   8d 0d 0e 7a 01 00 41 b8 02 00 00 00 e8 6f 62 00
0x0000000180005ad0:   00 85 c0 75 19 85 ed 75 15 e8 c2 5e 00 00 48 8d
0x0000000180005ae0:   15 23 7a 01 00 48 8d 48 60 e8 3a 5d 00 00 4c 8b
0x0000000180005af0:   e5 8b ac 24 88 00 00 00 44 8b ac 24 80 00 00 00
0x0000000180005b00:   45 8b 74 24 08 41 89 5c 24 08 41 8b fd 85 ed 78
0x0000000180005b10:   09 ff 15 e9 14 01 00 44 8b f8 45 85 ed 7e 4a 90
0x0000000180005b20:   8b c6 ff c6 83 f8 14 7d 40 85 ed 78 0d ff 15 cd
0x0000000180005b30:   14 01 00 41 2b c7 3b c5 7d 2f 8b 4c 24 70 48 63
0x0000000180005b40:   d3 44 8b c7 48 03 54 24 78 e8 a2 31 00 00 85 c0
0x0000000180005b50:   78 33 74 06 03 d8 2b f8 eb 0a b9 e8 03 00 00 e8
0x0000000180005b60:   1c 1c 00 00 41 3b dd 7c b7 8b c3 45 89 74 24 08
0x0000000180005b70:   48 8b 5c 24 60 48 83 c4 20 41 5f 41 5e 41 5d 41
0x0000000180005b80:   5c 5f 5e 5d c3 e8 1e 61 00 00 83 38 04 74 05 e8
0x0000000180005b90:   14 61 00 00 83 c8 ff eb d2 cc cc cc cc cc cc cc
0x0000000180005ba0:   40 53 55 56 57 41 54 41 55 48 81 ec b8 00 00 00
0x0000000180005bb0:   48 8b 05 71 85 01 00 48 33 c4 48 89 84 24 a0 00
0x0000000180005bc0:   00 00 48 8b 01 45 8b e9 41 8b f8 48 8b f2 48 8b
0x0000000180005bd0:   d9 ff 90 f8 00 00 00 4c 8b 13 4c 8d 0d 33 6f 01
0x0000000180005be0:   00 4c 8d 05 7c 6f 01 00 48 8b d0 48 8b cb 4c 8b
0x0000000180005bf0:   e0 41 ff 92 f0 02 00 00 33 ed 48 8b cb 4c 8b c0 


Stack slot to memory mapping:
stack at sp + 0 slots: 0x0 is NULL
stack at sp + 1 slots: 0xffffffffd14feb70 is an unknown value
stack at sp + 2 slots: 0x0 is NULL
stack at sp + 3 slots: 0x000001fe7c1a9b10 points into unknown readable memory: 50 f8 82 62 f8 7f 00 00
stack at sp + 4 slots: 0x0 is NULL
stack at sp + 5 slots: 0x0000003ed14fdf20 is pointing into the stack for thread: 0x000001fe7c1a9800
stack at sp + 6 slots: 0x000001fe7bb083f0 is pointing into metadata
stack at sp + 7 slots: 0x0000000000000001 is an unknown value


---------------  P R O C E S S  ---------------

Threads class SMR info:
_java_thread_list=0x000001fe7c1af000, length=12, elements={
0x000001fe7b698800, 0x000001fe7b69c800, 0x000001fe7b6b4800, 0x000001fe7b6b7000,
0x000001fe7b6b9800, 0x000001fe7b6bf800, 0x000001fe7b6c3000, 0x000001fe7c0e1800,
0x000001fe7c16e800, 0x000001fe7c1a9800, 0x000001fe7c1ad000, 0x000001fe6b80b000
}

Java Threads: ( => current thread )
  0x000001fe7b698800 JavaThread "Reference Handler" daemon [_thread_blocked, id=14708, stack(0x0000003ed0a00000,0x0000003ed0b00000)]
  0x000001fe7b69c800 JavaThread "Finalizer" daemon [_thread_blocked, id=6784, stack(0x0000003ed0b00000,0x0000003ed0c00000)]
  0x000001fe7b6b4800 JavaThread "Signal Dispatcher" daemon [_thread_blocked, id=8936, stack(0x0000003ed0c00000,0x0000003ed0d00000)]
  0x000001fe7b6b7000 JavaThread "Attach Listener" daemon [_thread_blocked, id=14976, stack(0x0000003ed0d00000,0x0000003ed0e00000)]
  0x000001fe7b6b9800 JavaThread "C2 CompilerThread0" daemon [_thread_blocked, id=4156, stack(0x0000003ed0e00000,0x0000003ed0f00000)]
  0x000001fe7b6bf800 JavaThread "C1 CompilerThread0" daemon [_thread_blocked, id=11800, stack(0x0000003ed0f00000,0x0000003ed1000000)]
  0x000001fe7b6c3000 JavaThread "Sweeper thread" daemon [_thread_blocked, id=8520, stack(0x0000003ed1000000,0x0000003ed1100000)]
  0x000001fe7c0e1800 JavaThread "Common-Cleaner" daemon [_thread_blocked, id=13236, stack(0x0000003ed1100000,0x0000003ed1200000)]
  0x000001fe7c16e800 JavaThread "Service Thread" daemon [_thread_blocked, id=11536, stack(0x0000003ed1200000,0x0000003ed1300000)]
=>0x000001fe7c1a9800 JavaThread "Thread-0" [_thread_in_native, id=1356, stack(0x0000003ed1400000,0x0000003ed1500000)]
  0x000001fe7c1ad000 JavaThread "Thread-1" [_thread_blocked, id=14984, stack(0x0000003ed1500000,0x0000003ed1600000)]
  0x000001fe6b80b000 JavaThread "DestroyJavaVM" [_thread_blocked, id=15272, stack(0x0000003ed0300000,0x0000003ed0400000)]

Other Threads:
  0x000001fe7b696800 VMThread "VM Thread" [stack: 0x0000003ed0900000,0x0000003ed0a00000] [id=15216]
  0x000001fe7c174800 WatcherThread [stack: 0x0000003ed1300000,0x0000003ed1400000] [id=6780]
  0x000001fe6b84c800 GCTaskThread "GC Thread#0" [stack: 0x0000003ed0400000,0x0000003ed0500000] [id=14740]
  0x000001fe6b85f000 ConcurrentGCThread "G1 Main Marker" [stack: 0x0000003ed0500000,0x0000003ed0600000] [id=11660]
  0x000001fe6b861000 ConcurrentGCThread "G1 Conc#0" [stack: 0x0000003ed0600000,0x0000003ed0700000] [id=11636]
  0x000001fe6b8de000 ConcurrentGCThread "G1 Refine#0" [stack: 0x0000003ed0700000,0x0000003ed0800000] [id=8712]
  0x000001fe7b512800 ConcurrentGCThread "G1 Young RemSet Sampling" [stack: 0x0000003ed0800000,0x0000003ed0900000] [id=11684]

Threads with active compile tasks:

VM state:not at safepoint (normal execution)

VM Mutex/Monitor currently owned by a thread: None

Heap address: 0x0000000081c00000, size: 2020 MB, Compressed Oops mode: 32-bit
Narrow klass base: 0x0000000800000000, Narrow klass shift: 3
Compressed class space size: 1073741824 Address: 0x0000000800b40000

Heap:
 garbage-first heap   total 131072K, used 2048K [0x0000000081c00000, 0x0000000100000000)
  region size 1024K, 3 young (3072K), 0 survivors (0K)
 Metaspace       used 813K, capacity 4716K, committed 4864K, reserved 1056768K
  class space    used 79K, capacity 444K, committed 512K, reserved 1048576K
Heap Regions: E=young(eden), S=young(survivor), O=old, HS=humongous(starts), HC=humongous(continues), CS=collection set, F=free, A=archive, TAMS=top-at-mark-start (previous, next)
|   0|0x0000000081c00000, 0x0000000081c00000, 0x0000000081d00000|  0%| F|  |TAMS 0x0000000081c00000, 0x0000000081c00000| Untracked 
|   1|0x0000000081d00000, 0x0000000081d00000, 0x0000000081e00000|  0%| F|  |TAMS 0x0000000081d00000, 0x0000000081d00000| Untracked 
|   2|0x0000000081e00000, 0x0000000081e00000, 0x0000000081f00000|  0%| F|  |TAMS 0x0000000081e00000, 0x0000000081e00000| Untracked 
|   3|0x0000000081f00000, 0x0000000081f00000, 0x0000000082000000|  0%| F|  |TAMS 0x0000000081f00000, 0x0000000081f00000| Untracked 
|   4|0x0000000082000000, 0x0000000082000000, 0x0000000082100000|  0%| F|  |TAMS 0x0000000082000000, 0x0000000082000000| Untracked 
|   5|0x0000000082100000, 0x0000000082100000, 0x0000000082200000|  0%| F|  |TAMS 0x0000000082100000, 0x0000000082100000| Untracked 
|   6|0x0000000082200000, 0x0000000082200000, 0x0000000082300000|  0%| F|  |TAMS 0x0000000082200000, 0x0000000082200000| Untracked 
|   7|0x0000000082300000, 0x0000000082300000, 0x0000000082400000|  0%| F|  |TAMS 0x0000000082300000, 0x0000000082300000| Untracked 
|   8|0x0000000082400000, 0x0000000082400000, 0x0000000082500000|  0%| F|  |TAMS 0x0000000082400000, 0x0000000082400000| Untracked 
|   9|0x0000000082500000, 0x0000000082500000, 0x0000000082600000|  0%| F|  |TAMS 0x0000000082500000, 0x0000000082500000| Untracked 
|  10|0x0000000082600000, 0x0000000082600000, 0x0000000082700000|  0%| F|  |TAMS 0x0000000082600000, 0x0000000082600000| Untracked 
|  11|0x0000000082700000, 0x0000000082700000, 0x0000000082800000|  0%| F|  |TAMS 0x0000000082700000, 0x0000000082700000| Untracked 
|  12|0x0000000082800000, 0x0000000082800000, 0x0000000082900000|  0%| F|  |TAMS 0x0000000082800000, 0x0000000082800000| Untracked 
|  13|0x0000000082900000, 0x0000000082900000, 0x0000000082a00000|  0%| F|  |TAMS 0x0000000082900000, 0x0000000082900000| Untracked 
|  14|0x0000000082a00000, 0x0000000082a00000, 0x0000000082b00000|  0%| F|  |TAMS 0x0000000082a00000, 0x0000000082a00000| Untracked 
|  15|0x0000000082b00000, 0x0000000082b00000, 0x0000000082c00000|  0%| F|  |TAMS 0x0000000082b00000, 0x0000000082b00000| Untracked 
|  16|0x0000000082c00000, 0x0000000082c00000, 0x0000000082d00000|  0%| F|  |TAMS 0x0000000082c00000, 0x0000000082c00000| Untracked 
|  17|0x0000000082d00000, 0x0000000082d00000, 0x0000000082e00000|  0%| F|  |TAMS 0x0000000082d00000, 0x0000000082d00000| Untracked 
|  18|0x0000000082e00000, 0x0000000082e00000, 0x0000000082f00000|  0%| F|  |TAMS 0x0000000082e00000, 0x0000000082e00000| Untracked 
|  19|0x0000000082f00000, 0x0000000082f00000, 0x0000000083000000|  0%| F|  |TAMS 0x0000000082f00000, 0x0000000082f00000| Untracked 
|  20|0x0000000083000000, 0x0000000083000000, 0x0000000083100000|  0%| F|  |TAMS 0x0000000083000000, 0x0000000083000000| Untracked 
|  21|0x0000000083100000, 0x0000000083100000, 0x0000000083200000|  0%| F|  |TAMS 0x0000000083100000, 0x0000000083100000| Untracked 
|  22|0x0000000083200000, 0x0000000083200000, 0x0000000083300000|  0%| F|  |TAMS 0x0000000083200000, 0x0000000083200000| Untracked 
|  23|0x0000000083300000, 0x0000000083300000, 0x0000000083400000|  0%| F|  |TAMS 0x0000000083300000, 0x0000000083300000| Untracked 
|  24|0x0000000083400000, 0x0000000083400000, 0x0000000083500000|  0%| F|  |TAMS 0x0000000083400000, 0x0000000083400000| Untracked 
|  25|0x0000000083500000, 0x0000000083500000, 0x0000000083600000|  0%| F|  |TAMS 0x0000000083500000, 0x0000000083500000| Untracked 
|  26|0x0000000083600000, 0x0000000083600000, 0x0000000083700000|  0%| F|  |TAMS 0x0000000083600000, 0x0000000083600000| Untracked 
|  27|0x0000000083700000, 0x0000000083700000, 0x0000000083800000|  0%| F|  |TAMS 0x0000000083700000, 0x0000000083700000| Untracked 
|  28|0x0000000083800000, 0x0000000083800000, 0x0000000083900000|  0%| F|  |TAMS 0x0000000083800000, 0x0000000083800000| Untracked 
|  29|0x0000000083900000, 0x0000000083900000, 0x0000000083a00000|  0%| F|  |TAMS 0x0000000083900000, 0x0000000083900000| Untracked 
|  30|0x0000000083a00000, 0x0000000083a00000, 0x0000000083b00000|  0%| F|  |TAMS 0x0000000083a00000, 0x0000000083a00000| Untracked 
|  31|0x0000000083b00000, 0x0000000083b00000, 0x0000000083c00000|  0%| F|  |TAMS 0x0000000083b00000, 0x0000000083b00000| Untracked 
|  32|0x0000000083c00000, 0x0000000083c00000, 0x0000000083d00000|  0%| F|  |TAMS 0x0000000083c00000, 0x0000000083c00000| Untracked 
|  33|0x0000000083d00000, 0x0000000083d00000, 0x0000000083e00000|  0%| F|  |TAMS 0x0000000083d00000, 0x0000000083d00000| Untracked 
|  34|0x0000000083e00000, 0x0000000083e00000, 0x0000000083f00000|  0%| F|  |TAMS 0x0000000083e00000, 0x0000000083e00000| Untracked 
|  35|0x0000000083f00000, 0x0000000083f00000, 0x0000000084000000|  0%| F|  |TAMS 0x0000000083f00000, 0x0000000083f00000| Untracked 
|  36|0x0000000084000000, 0x0000000084000000, 0x0000000084100000|  0%| F|  |TAMS 0x0000000084000000, 0x0000000084000000| Untracked 
|  37|0x0000000084100000, 0x0000000084100000, 0x0000000084200000|  0%| F|  |TAMS 0x0000000084100000, 0x0000000084100000| Untracked 
|  38|0x0000000084200000, 0x0000000084200000, 0x0000000084300000|  0%| F|  |TAMS 0x0000000084200000, 0x0000000084200000| Untracked 
|  39|0x0000000084300000, 0x0000000084300000, 0x0000000084400000|  0%| F|  |TAMS 0x0000000084300000, 0x0000000084300000| Untracked 
|  40|0x0000000084400000, 0x0000000084400000, 0x0000000084500000|  0%| F|  |TAMS 0x0000000084400000, 0x0000000084400000| Untracked 
|  41|0x0000000084500000, 0x0000000084500000, 0x0000000084600000|  0%| F|  |TAMS 0x0000000084500000, 0x0000000084500000| Untracked 
|  42|0x0000000084600000, 0x0000000084600000, 0x0000000084700000|  0%| F|  |TAMS 0x0000000084600000, 0x0000000084600000| Untracked 
|  43|0x0000000084700000, 0x0000000084700000, 0x0000000084800000|  0%| F|  |TAMS 0x0000000084700000, 0x0000000084700000| Untracked 
|  44|0x0000000084800000, 0x0000000084800000, 0x0000000084900000|  0%| F|  |TAMS 0x0000000084800000, 0x0000000084800000| Untracked 
|  45|0x0000000084900000, 0x0000000084900000, 0x0000000084a00000|  0%| F|  |TAMS 0x0000000084900000, 0x0000000084900000| Untracked 
|  46|0x0000000084a00000, 0x0000000084a00000, 0x0000000084b00000|  0%| F|  |TAMS 0x0000000084a00000, 0x0000000084a00000| Untracked 
|  47|0x0000000084b00000, 0x0000000084b00000, 0x0000000084c00000|  0%| F|  |TAMS 0x0000000084b00000, 0x0000000084b00000| Untracked 
|  48|0x0000000084c00000, 0x0000000084c00000, 0x0000000084d00000|  0%| F|  |TAMS 0x0000000084c00000, 0x0000000084c00000| Untracked 
|  49|0x0000000084d00000, 0x0000000084d00000, 0x0000000084e00000|  0%| F|  |TAMS 0x0000000084d00000, 0x0000000084d00000| Untracked 
|  50|0x0000000084e00000, 0x0000000084e00000, 0x0000000084f00000|  0%| F|  |TAMS 0x0000000084e00000, 0x0000000084e00000| Untracked 
|  51|0x0000000084f00000, 0x0000000084f00000, 0x0000000085000000|  0%| F|  |TAMS 0x0000000084f00000, 0x0000000084f00000| Untracked 
|  52|0x0000000085000000, 0x0000000085000000, 0x0000000085100000|  0%| F|  |TAMS 0x0000000085000000, 0x0000000085000000| Untracked 
|  53|0x0000000085100000, 0x0000000085100000, 0x0000000085200000|  0%| F|  |TAMS 0x0000000085100000, 0x0000000085100000| Untracked 
|  54|0x0000000085200000, 0x0000000085200000, 0x0000000085300000|  0%| F|  |TAMS 0x0000000085200000, 0x0000000085200000| Untracked 
|  55|0x0000000085300000, 0x0000000085300000, 0x0000000085400000|  0%| F|  |TAMS 0x0000000085300000, 0x0000000085300000| Untracked 
|  56|0x0000000085400000, 0x0000000085400000, 0x0000000085500000|  0%| F|  |TAMS 0x0000000085400000, 0x0000000085400000| Untracked 
|  57|0x0000000085500000, 0x0000000085500000, 0x0000000085600000|  0%| F|  |TAMS 0x0000000085500000, 0x0000000085500000| Untracked 
|  58|0x0000000085600000, 0x0000000085600000, 0x0000000085700000|  0%| F|  |TAMS 0x0000000085600000, 0x0000000085600000| Untracked 
|  59|0x0000000085700000, 0x0000000085700000, 0x0000000085800000|  0%| F|  |TAMS 0x0000000085700000, 0x0000000085700000| Untracked 
|  60|0x0000000085800000, 0x0000000085800000, 0x0000000085900000|  0%| F|  |TAMS 0x0000000085800000, 0x0000000085800000| Untracked 
|  61|0x0000000085900000, 0x0000000085900000, 0x0000000085a00000|  0%| F|  |TAMS 0x0000000085900000, 0x0000000085900000| Untracked 
|  62|0x0000000085a00000, 0x0000000085a00000, 0x0000000085b00000|  0%| F|  |TAMS 0x0000000085a00000, 0x0000000085a00000| Untracked 
|  63|0x0000000085b00000, 0x0000000085b00000, 0x0000000085c00000|  0%| F|  |TAMS 0x0000000085b00000, 0x0000000085b00000| Untracked 
|  64|0x0000000085c00000, 0x0000000085c00000, 0x0000000085d00000|  0%| F|  |TAMS 0x0000000085c00000, 0x0000000085c00000| Untracked 
|  65|0x0000000085d00000, 0x0000000085d00000, 0x0000000085e00000|  0%| F|  |TAMS 0x0000000085d00000, 0x0000000085d00000| Untracked 
|  66|0x0000000085e00000, 0x0000000085e00000, 0x0000000085f00000|  0%| F|  |TAMS 0x0000000085e00000, 0x0000000085e00000| Untracked 
|  67|0x0000000085f00000, 0x0000000085f00000, 0x0000000086000000|  0%| F|  |TAMS 0x0000000085f00000, 0x0000000085f00000| Untracked 
|  68|0x0000000086000000, 0x0000000086000000, 0x0000000086100000|  0%| F|  |TAMS 0x0000000086000000, 0x0000000086000000| Untracked 
|  69|0x0000000086100000, 0x0000000086100000, 0x0000000086200000|  0%| F|  |TAMS 0x0000000086100000, 0x0000000086100000| Untracked 
|  70|0x0000000086200000, 0x0000000086200000, 0x0000000086300000|  0%| F|  |TAMS 0x0000000086200000, 0x0000000086200000| Untracked 
|  71|0x0000000086300000, 0x0000000086300000, 0x0000000086400000|  0%| F|  |TAMS 0x0000000086300000, 0x0000000086300000| Untracked 
|  72|0x0000000086400000, 0x0000000086400000, 0x0000000086500000|  0%| F|  |TAMS 0x0000000086400000, 0x0000000086400000| Untracked 
|  73|0x0000000086500000, 0x0000000086500000, 0x0000000086600000|  0%| F|  |TAMS 0x0000000086500000, 0x0000000086500000| Untracked 
|  74|0x0000000086600000, 0x0000000086600000, 0x0000000086700000|  0%| F|  |TAMS 0x0000000086600000, 0x0000000086600000| Untracked 
|  75|0x0000000086700000, 0x0000000086700000, 0x0000000086800000|  0%| F|  |TAMS 0x0000000086700000, 0x0000000086700000| Untracked 
|  76|0x0000000086800000, 0x0000000086800000, 0x0000000086900000|  0%| F|  |TAMS 0x0000000086800000, 0x0000000086800000| Untracked 
|  77|0x0000000086900000, 0x0000000086900000, 0x0000000086a00000|  0%| F|  |TAMS 0x0000000086900000, 0x0000000086900000| Untracked 
|  78|0x0000000086a00000, 0x0000000086a00000, 0x0000000086b00000|  0%| F|  |TAMS 0x0000000086a00000, 0x0000000086a00000| Untracked 
|  79|0x0000000086b00000, 0x0000000086b00000, 0x0000000086c00000|  0%| F|  |TAMS 0x0000000086b00000, 0x0000000086b00000| Untracked 
|  80|0x0000000086c00000, 0x0000000086c00000, 0x0000000086d00000|  0%| F|  |TAMS 0x0000000086c00000, 0x0000000086c00000| Untracked 
|  81|0x0000000086d00000, 0x0000000086d00000, 0x0000000086e00000|  0%| F|  |TAMS 0x0000000086d00000, 0x0000000086d00000| Untracked 
|  82|0x0000000086e00000, 0x0000000086e00000, 0x0000000086f00000|  0%| F|  |TAMS 0x0000000086e00000, 0x0000000086e00000| Untracked 
|  83|0x0000000086f00000, 0x0000000086f00000, 0x0000000087000000|  0%| F|  |TAMS 0x0000000086f00000, 0x0000000086f00000| Untracked 
|  84|0x0000000087000000, 0x0000000087000000, 0x0000000087100000|  0%| F|  |TAMS 0x0000000087000000, 0x0000000087000000| Untracked 
|  85|0x0000000087100000, 0x0000000087100000, 0x0000000087200000|  0%| F|  |TAMS 0x0000000087100000, 0x0000000087100000| Untracked 
|  86|0x0000000087200000, 0x0000000087200000, 0x0000000087300000|  0%| F|  |TAMS 0x0000000087200000, 0x0000000087200000| Untracked 
|  87|0x0000000087300000, 0x0000000087300000, 0x0000000087400000|  0%| F|  |TAMS 0x0000000087300000, 0x0000000087300000| Untracked 
|  88|0x0000000087400000, 0x0000000087400000, 0x0000000087500000|  0%| F|  |TAMS 0x0000000087400000, 0x0000000087400000| Untracked 
|  89|0x0000000087500000, 0x0000000087500000, 0x0000000087600000|  0%| F|  |TAMS 0x0000000087500000, 0x0000000087500000| Untracked 
|  90|0x0000000087600000, 0x0000000087600000, 0x0000000087700000|  0%| F|  |TAMS 0x0000000087600000, 0x0000000087600000| Untracked 
|  91|0x0000000087700000, 0x0000000087700000, 0x0000000087800000|  0%| F|  |TAMS 0x0000000087700000, 0x0000000087700000| Untracked 
|  92|0x0000000087800000, 0x0000000087800000, 0x0000000087900000|  0%| F|  |TAMS 0x0000000087800000, 0x0000000087800000| Untracked 
|  93|0x0000000087900000, 0x0000000087900000, 0x0000000087a00000|  0%| F|  |TAMS 0x0000000087900000, 0x0000000087900000| Untracked 
|  94|0x0000000087a00000, 0x0000000087a00000, 0x0000000087b00000|  0%| F|  |TAMS 0x0000000087a00000, 0x0000000087a00000| Untracked 
|  95|0x0000000087b00000, 0x0000000087b00000, 0x0000000087c00000|  0%| F|  |TAMS 0x0000000087b00000, 0x0000000087b00000| Untracked 
|  96|0x0000000087c00000, 0x0000000087c00000, 0x0000000087d00000|  0%| F|  |TAMS 0x0000000087c00000, 0x0000000087c00000| Untracked 
|  97|0x0000000087d00000, 0x0000000087d00000, 0x0000000087e00000|  0%| F|  |TAMS 0x0000000087d00000, 0x0000000087d00000| Untracked 
|  98|0x0000000087e00000, 0x0000000087e00000, 0x0000000087f00000|  0%| F|  |TAMS 0x0000000087e00000, 0x0000000087e00000| Untracked 
|  99|0x0000000087f00000, 0x0000000087f00000, 0x0000000088000000|  0%| F|  |TAMS 0x0000000087f00000, 0x0000000087f00000| Untracked 
| 100|0x0000000088000000, 0x0000000088000000, 0x0000000088100000|  0%| F|  |TAMS 0x0000000088000000, 0x0000000088000000| Untracked 
| 101|0x0000000088100000, 0x0000000088100000, 0x0000000088200000|  0%| F|  |TAMS 0x0000000088100000, 0x0000000088100000| Untracked 
| 102|0x0000000088200000, 0x0000000088200000, 0x0000000088300000|  0%| F|  |TAMS 0x0000000088200000, 0x0000000088200000| Untracked 
| 103|0x0000000088300000, 0x0000000088300000, 0x0000000088400000|  0%| F|  |TAMS 0x0000000088300000, 0x0000000088300000| Untracked 
| 104|0x0000000088400000, 0x0000000088400000, 0x0000000088500000|  0%| F|  |TAMS 0x0000000088400000, 0x0000000088400000| Untracked 
| 105|0x0000000088500000, 0x0000000088500000, 0x0000000088600000|  0%| F|  |TAMS 0x0000000088500000, 0x0000000088500000| Untracked 
| 106|0x0000000088600000, 0x0000000088600000, 0x0000000088700000|  0%| F|  |TAMS 0x0000000088600000, 0x0000000088600000| Untracked 
| 107|0x0000000088700000, 0x0000000088700000, 0x0000000088800000|  0%| F|  |TAMS 0x0000000088700000, 0x0000000088700000| Untracked 
| 108|0x0000000088800000, 0x0000000088800000, 0x0000000088900000|  0%| F|  |TAMS 0x0000000088800000, 0x0000000088800000| Untracked 
| 109|0x0000000088900000, 0x0000000088900000, 0x0000000088a00000|  0%| F|  |TAMS 0x0000000088900000, 0x0000000088900000| Untracked 
| 110|0x0000000088a00000, 0x0000000088a00000, 0x0000000088b00000|  0%| F|  |TAMS 0x0000000088a00000, 0x0000000088a00000| Untracked 
| 111|0x0000000088b00000, 0x0000000088b00000, 0x0000000088c00000|  0%| F|  |TAMS 0x0000000088b00000, 0x0000000088b00000| Untracked 
| 112|0x0000000088c00000, 0x0000000088c00000, 0x0000000088d00000|  0%| F|  |TAMS 0x0000000088c00000, 0x0000000088c00000| Untracked 
| 113|0x0000000088d00000, 0x0000000088d00000, 0x0000000088e00000|  0%| F|  |TAMS 0x0000000088d00000, 0x0000000088d00000| Untracked 
| 114|0x0000000088e00000, 0x0000000088e00000, 0x0000000088f00000|  0%| F|  |TAMS 0x0000000088e00000, 0x0000000088e00000| Untracked 
| 115|0x0000000088f00000, 0x0000000088f00000, 0x0000000089000000|  0%| F|  |TAMS 0x0000000088f00000, 0x0000000088f00000| Untracked 
| 116|0x0000000089000000, 0x0000000089000000, 0x0000000089100000|  0%| F|  |TAMS 0x0000000089000000, 0x0000000089000000| Untracked 
| 117|0x0000000089100000, 0x0000000089100000, 0x0000000089200000|  0%| F|  |TAMS 0x0000000089100000, 0x0000000089100000| Untracked 
| 118|0x0000000089200000, 0x0000000089200000, 0x0000000089300000|  0%| F|  |TAMS 0x0000000089200000, 0x0000000089200000| Untracked 
| 119|0x0000000089300000, 0x0000000089300000, 0x0000000089400000|  0%| F|  |TAMS 0x0000000089300000, 0x0000000089300000| Untracked 
| 120|0x0000000089400000, 0x0000000089400000, 0x0000000089500000|  0%| F|  |TAMS 0x0000000089400000, 0x0000000089400000| Untracked 
| 121|0x0000000089500000, 0x0000000089500000, 0x0000000089600000|  0%| F|  |TAMS 0x0000000089500000, 0x0000000089500000| Untracked 
| 122|0x0000000089600000, 0x0000000089600000, 0x0000000089700000|  0%| F|  |TAMS 0x0000000089600000, 0x0000000089600000| Untracked 
| 123|0x0000000089700000, 0x0000000089700000, 0x0000000089800000|  0%| F|  |TAMS 0x0000000089700000, 0x0000000089700000| Untracked 
| 124|0x0000000089800000, 0x0000000089800000, 0x0000000089900000|  0%| F|  |TAMS 0x0000000089800000, 0x0000000089800000| Untracked 
| 125|0x0000000089900000, 0x0000000089900800, 0x0000000089a00000|  0%| E|  |TAMS 0x0000000089900000, 0x0000000089900000| Complete 
| 126|0x0000000089a00000, 0x0000000089b00000, 0x0000000089b00000|100%| E|CS|TAMS 0x0000000089a00000, 0x0000000089a00000| Complete 
| 127|0x0000000089b00000, 0x0000000089c00000, 0x0000000089c00000|100%| E|CS|TAMS 0x0000000089b00000, 0x0000000089b00000| Complete 

Card table byte_map: [0x000001fe74550000,0x000001fe74950000] _byte_map_base: 0x000001fe74142000

Marking Bits (Prev, Next): (CMBitMap*) 0x000001fe6b84e728, (CMBitMap*) 0x000001fe6b84e768
 Prev Bits: [0x000001fe74d50000, 0x000001fe76ce0000)
 Next Bits: [0x000001fe76ce0000, 0x000001fe78c70000)

Polling page: 0x000001fe69670000

Metaspace:

Usage:
  Non-class:      4.17 MB capacity,   734.35 KB ( 17%) used,     3.45 MB ( 83%) free+waste,     2.44 KB ( <1%) overhead. 
      Class:    444.00 KB capacity,    79.10 KB ( 18%) used,   363.27 KB ( 82%) free+waste,     1.63 KB ( <1%) overhead. 
       Both:      4.61 MB capacity,   813.45 KB ( 17%) used,     3.81 MB ( 83%) free+waste,     4.06 KB ( <1%) overhead. 

Virtual space:
  Non-class space:        8.00 MB reserved,       4.25 MB ( 53%) committed 
      Class space:        1.00 GB reserved,     512.00 KB ( <1%) committed 
             Both:        1.01 GB reserved,       4.75 MB ( <1%) committed 

Chunk freelists:
   Non-Class:  16.00 KB
       Class:  4.00 KB
        Both:  20.00 KB

MaxMetaspaceSize: 17179869184.00 GB
CompressedClassSpaceSize: 1.00 GB

CodeHeap 'non-profiled nmethods': size=120000Kb used=77Kb max_used=77Kb free=119922Kb
 bounds [0x000001fe07ad0000, 0x000001fe07d40000, 0x000001fe0f000000]
CodeHeap 'profiled nmethods': size=120000Kb used=319Kb max_used=319Kb free=119680Kb
 bounds [0x000001fe005a0000, 0x000001fe00810000, 0x000001fe07ad0000]
CodeHeap 'non-nmethods': size=5760Kb used=1111Kb max_used=1125Kb free=4648Kb
 bounds [0x000001fe00000000, 0x000001fe00270000, 0x000001fe005a0000]
 total_blobs=923 nmethods=248 adapters=254
 compilation: enabled
              stopped_count=0, restarted_count=0
 full_count=0

Compilation events (20 events):
Event: 0.153 Thread 0x000001fe7b6bf800  245       3       java.lang.String::regionMatches (189 bytes)
Event: 0.154 Thread 0x000001fe7b6bf800 nmethod 245 0x000001fe005eb390 code [0x000001fe005eb5e0, 0x000001fe005ec2b8]
Event: 0.154 Thread 0x000001fe7b6bf800  244       3       java.lang.String::toUpperCase (8 bytes)
Event: 0.155 Thread 0x000001fe7b6bf800 nmethod 244 0x000001fe005ec710 code [0x000001fe005ec900, 0x000001fe005ecd00]
Event: 0.155 Thread 0x000001fe7b6bf800  240       3       java.lang.String::toLowerCase (29 bytes)
Event: 0.155 Thread 0x000001fe7b6bf800 nmethod 240 0x000001fe005ece10 code [0x000001fe005ecfe0, 0x000001fe005ed300]
Event: 0.155 Thread 0x000001fe7b6bf800  241       3       java.lang.String::toLowerCase (8 bytes)
Event: 0.155 Thread 0x000001fe7b6bf800 nmethod 241 0x000001fe005ed410 code [0x000001fe005ed600, 0x000001fe005eda00]
Event: 0.155 Thread 0x000001fe7b6bf800  237  s    3       java.lang.StringBuffer::toString (59 bytes)
Event: 0.156 Thread 0x000001fe7b6bf800 nmethod 237 0x000001fe005edb10 code [0x000001fe005edd20, 0x000001fe005ee6c0]
Event: 0.156 Thread 0x000001fe7b6bf800  242       3       java.lang.String::toUpperCase (29 bytes)
Event: 0.156 Thread 0x000001fe7b6bf800 nmethod 242 0x000001fe005ee910 code [0x000001fe005eeae0, 0x000001fe005eee00]
Event: 0.156 Thread 0x000001fe7b6bf800  238  s    3       java.lang.StringBuffer::append (13 bytes)
Event: 0.156 Thread 0x000001fe7b6bf800 nmethod 238 0x000001fe005eef10 code [0x000001fe005ef0c0, 0x000001fe005ef450]
Event: 0.156 Thread 0x000001fe7b6bf800  247       3       java.lang.String::toString (2 bytes)
Event: 0.156 Thread 0x000001fe7b6bf800 nmethod 247 0x000001fe005ef510 code [0x000001fe005ef6a0, 0x000001fe005ef818]
Event: 0.156 Thread 0x000001fe7b6bf800  246       1       java.util.zip.Inflater$InflaterZStreamRef::address (5 bytes)
Event: 0.156 Thread 0x000001fe7b6bf800 nmethod 246 0x000001fe07ae3210 code [0x000001fe07ae33a0, 0x000001fe07ae34d8]
Event: 0.157 Thread 0x000001fe7b6bf800  248       3       java.util.concurrent.ConcurrentHashMap$Node::<init> (20 bytes)
Event: 0.158 Thread 0x000001fe7b6bf800 nmethod 248 0x000001fe005ef890 code [0x000001fe005efa40, 0x000001fe005efcd8]

GC Heap History (0 events):
No events

Deoptimization events (4 events):
Event: 0.125 Thread 0x000001fe6b80b000 Uncommon trap: trap_request=0xffffff45 fr.pc=0x000001fe07ad902c relative=0x000000000000008c
Event: 0.125 Thread 0x000001fe6b80b000 Uncommon trap: reason=unstable_if action=reinterpret pc=0x000001fe07ad902c method=java.lang.String.charAt(I)C @ 4 c2
Event: 0.125 Thread 0x000001fe6b80b000 DEOPT PACKING pc=0x000001fe07ad902c sp=0x0000003ed03ff1c0
Event: 0.125 Thread 0x000001fe6b80b000 DEOPT UNPACKING pc=0x000001fe0004912f sp=0x0000003ed03ff160 mode 2

Classes unloaded (0 events):
No events

Classes redefined (0 events):
No events

Internal exceptions (7 events):
Event: 0.103 Thread 0x000001fe6b80b000 Exception <a 'sun/nio/fs/WindowsException'{0x0000000089bd4ca0}> (0x0000000089bd4ca0) 
thrown [t:/workspace/open/src/hotspot/share/prims/jni.cpp, line 598]
Event: 0.104 Thread 0x000001fe6b80b000 Exception <a 'sun/nio/fs/WindowsException'{0x0000000089bd51c8}> (0x0000000089bd51c8) 
thrown [t:/workspace/open/src/hotspot/share/prims/jni.cpp, line 598]
Event: 0.106 Thread 0x000001fe6b80b000 Exception <a 'sun/nio/fs/WindowsException'{0x0000000089bd7488}> (0x0000000089bd7488) 
thrown [t:/workspace/open/src/hotspot/share/prims/jni.cpp, line 598]
Event: 0.147 Thread 0x000001fe6b80b000 Exception <a 'java/io/FileNotFoundException'{0x0000000089ab48e0}> (0x0000000089ab48e0) 
thrown [t:/workspace/open/src/hotspot/share/prims/jni.cpp, line 598]
Event: 0.148 Thread 0x000001fe6b80b000 Exception <a 'java/io/FileNotFoundException'{0x0000000089ab5340}> (0x0000000089ab5340) 
thrown [t:/workspace/open/src/hotspot/share/prims/jni.cpp, line 598]
Event: 0.150 Thread 0x000001fe6b80b000 Exception <a 'java/io/FileNotFoundException'{0x0000000089ac3928}> (0x0000000089ac3928) 
thrown [t:/workspace/open/src/hotspot/share/prims/jni.cpp, line 598]
Event: 0.151 Thread 0x000001fe6b80b000 Exception <a 'java/io/FileNotFoundException'{0x0000000089ac40c8}> (0x0000000089ac40c8) 
thrown [t:/workspace/open/src/hotspot/share/prims/jni.cpp, line 598]

Events (20 events):
Event: 0.156 loading class gnu/io/UnSupportedLoggerException
Event: 0.156 loading class gnu/io/UnSupportedLoggerException done
Event: 0.156 loading class java/lang/NumberFormatException
Event: 0.156 loading class java/lang/NumberFormatException done
Event: 0.157 loading class java/lang/IndexOutOfBoundsException
Event: 0.157 loading class java/lang/IndexOutOfBoundsException done
Event: 0.159 loading class gnu/io/RXTXPort$MonitorThread
Event: 0.159 loading class gnu/io/RXTXPort$MonitorThread done
Event: 0.160 Thread 0x000001fe7c1a9800 Thread added: 0x000001fe7c1a9800
Event: 0.166 loading class java/io/BufferedReader
Event: 0.167 loading class java/io/BufferedReader done
Event: 0.167 loading class sun/nio/cs/StreamDecoder
Event: 0.167 loading class sun/nio/cs/StreamDecoder done
Event: 0.167 loading class sun/nio/cs/UTF_8$Decoder
Event: 0.167 loading class sun/nio/cs/UTF_8$Decoder done
Event: 0.168 Thread 0x000001fe7c1ad000 Thread added: 0x000001fe7c1ad000
Event: 0.168 Thread 0x000001fe6b80b000 Thread exited: 0x000001fe6b80b000
Event: 0.168 Thread 0x000001fe6b80b000 Thread added: 0x000001fe6b80b000
Event: 0.182 Executing VM operation: RevokeBias
Event: 0.182 Executing VM operation: RevokeBias done


Dynamic libraries:
0x00007ff7a60a0000 - 0x00007ff7a60af000 	C:\Program Files\Java\jdk-13\bin\java.exe
0x00007ff8cad80000 - 0x00007ff8caf70000 	C:\WINDOWS\SYSTEM32\ntdll.dll
0x00007ff8caa50000 - 0x00007ff8cab02000 	C:\WINDOWS\System32\KERNEL32.DLL
0x00007ff8c8720000 - 0x00007ff8c89c3000 	C:\WINDOWS\System32\KERNELBASE.dll
0x00007ff8c8c80000 - 0x00007ff8c8d7a000 	C:\WINDOWS\System32\ucrtbase.dll
0x00007ff8bbf40000 - 0x00007ff8bbf55000 	C:\Program Files\Java\jdk-13\bin\VCRUNTIME140.dll
0x00007ff8b9ce0000 - 0x00007ff8b9cf8000 	C:\Program Files\Java\jdk-13\bin\jli.dll
0x00007ff8c9fb0000 - 0x00007ff8ca053000 	C:\WINDOWS\System32\ADVAPI32.dll
0x00007ff8caca0000 - 0x00007ff8cad3e000 	C:\WINDOWS\System32\msvcrt.dll
0x00007ff8c9170000 - 0x00007ff8c9207000 	C:\WINDOWS\System32\sechost.dll
0x00007ff8c92f0000 - 0x00007ff8c9410000 	C:\WINDOWS\System32\RPCRT4.dll
0x00007ff8c9c80000 - 0x00007ff8c9e14000 	C:\WINDOWS\System32\USER32.dll
0x00007ff8c8ba0000 - 0x00007ff8c8bc1000 	C:\WINDOWS\System32\win32u.dll
0x00007ff8c09e0000 - 0x00007ff8c0c65000 	C:\WINDOWS\WinSxS\amd64_microsoft.windows.common-controls_6595b64144ccf1df_6.0.18362.476_none_e6c4b11b130f2595\COMCTL32.dll
0x00007ff8c9210000 - 0x00007ff8c9236000 	C:\WINDOWS\System32\GDI32.dll
0x00007ff8c8a00000 - 0x00007ff8c8b94000 	C:\WINDOWS\System32\gdi32full.dll
0x00007ff8c8e30000 - 0x00007ff8c9166000 	C:\WINDOWS\System32\combase.dll
0x00007ff8c7ee0000 - 0x00007ff8c7f7e000 	C:\WINDOWS\System32\msvcp_win.dll
0x00007ff8c7d10000 - 0x00007ff8c7d90000 	C:\WINDOWS\System32\bcryptPrimitives.dll
0x00007ff8c38d0000 - 0x00007ff8c38da000 	C:\WINDOWS\SYSTEM32\VERSION.dll
0x00007ff8c9b80000 - 0x00007ff8c9bae000 	C:\WINDOWS\System32\IMM32.DLL
0x00007ff8848a0000 - 0x00007ff88493b000 	C:\Program Files\Java\jdk-13\bin\msvcp140.dll
0x00007ff861e30000 - 0x00007ff862997000 	C:\Program Files\Java\jdk-13\bin\server\jvm.dll
0x00007ff8c9240000 - 0x00007ff8c9248000 	C:\WINDOWS\System32\PSAPI.DLL
0x00007ff8c5cd0000 - 0x00007ff8c5cf4000 	C:\WINDOWS\SYSTEM32\WINMM.dll
0x00007ff8c0c90000 - 0x00007ff8c0c99000 	C:\WINDOWS\SYSTEM32\WSOCK32.dll
0x00007ff8cabc0000 - 0x00007ff8cac2f000 	C:\WINDOWS\System32\WS2_32.dll
0x00007ff8c5ca0000 - 0x00007ff8c5ccd000 	C:\WINDOWS\SYSTEM32\WINMMBASE.dll
0x00007ff8c8de0000 - 0x00007ff8c8e2a000 	C:\WINDOWS\System32\cfgmgr32.dll
0x00007ff8c7cb0000 - 0x00007ff8c7cc1000 	C:\WINDOWS\System32\kernel.appcore.dll
0x00007ff8c0c80000 - 0x00007ff8c0c90000 	C:\Program Files\Java\jdk-13\bin\verify.dll
0x00007ff8ad740000 - 0x00007ff8ad934000 	C:\WINDOWS\SYSTEM32\DBGHELP.DLL
0x00007ff8afb90000 - 0x00007ff8afbba000 	C:\WINDOWS\SYSTEM32\dbgcore.DLL
0x00007ff89aef0000 - 0x00007ff89af16000 	C:\Program Files\Java\jdk-13\bin\java.dll
0x00007ff8b9ca0000 - 0x00007ff8b9cb7000 	C:\Program Files\Java\jdk-13\bin\zip.dll
0x00007ff8bf630000 - 0x00007ff8bf63a000 	C:\Program Files\Java\jdk-13\bin\jimage.dll
0x00007ff8ca0f0000 - 0x00007ff8ca7d5000 	C:\WINDOWS\System32\SHELL32.dll
0x00007ff8cab10000 - 0x00007ff8cabb9000 	C:\WINDOWS\System32\shcore.dll
0x00007ff8c7fa0000 - 0x00007ff8c871e000 	C:\WINDOWS\System32\windows.storage.dll
0x00007ff8c7cd0000 - 0x00007ff8c7cef000 	C:\WINDOWS\System32\profapi.dll
0x00007ff8c7c60000 - 0x00007ff8c7caa000 	C:\WINDOWS\System32\powrprof.dll
0x00007ff8c7c50000 - 0x00007ff8c7c60000 	C:\WINDOWS\System32\UMPDC.dll
0x00007ff8ca840000 - 0x00007ff8ca892000 	C:\WINDOWS\System32\shlwapi.dll
0x00007ff8c7f80000 - 0x00007ff8c7f97000 	C:\WINDOWS\System32\cryptsp.dll
0x00007ff8b9820000 - 0x00007ff8b9839000 	C:\Program Files\Java\jdk-13\bin\net.dll
0x00007ff8b88b0000 - 0x00007ff8b8a86000 	C:\WINDOWS\SYSTEM32\urlmon.dll
0x00007ff8c1610000 - 0x00007ff8c1700000 	C:\WINDOWS\SYSTEM32\WINHTTP.dll
0x00007ff8b8bb0000 - 0x00007ff8b8e56000 	C:\WINDOWS\SYSTEM32\iertutil.dll
0x00007ff8c7690000 - 0x00007ff8c769c000 	C:\WINDOWS\SYSTEM32\CRYPTBASE.DLL
0x00007ff8c74c0000 - 0x00007ff8c7527000 	C:\WINDOWS\system32\mswsock.dll
0x00007ff8a94f0000 - 0x00007ff8a9503000 	C:\Program Files\Java\jdk-13\bin\nio.dll
0x0000000180000000 - 0x0000000180025000 	C:\Program Files\Java\jdk-13\bin\rxtxSerial.dll

dbghelp: loaded successfully - version: 4.0.5 - missing functions: none
symbol engine: initialized successfully - sym options: 0x614 - pdb path: .;C:\Program Files\Java\jdk-13\bin;C:\WINDOWS\SYSTEM32;C:\WINDOWS\WinSxS\amd64_microsoft.windows.common-controls_6595b64144ccf1df_6.0.18362.476_none_e6c4b11b130f2595;C:\Program Files\Java\jdk-13\bin\server

VM Arguments:
jvm_args: -Dfile.encoding=UTF-8 --module-path=C:\Users\user\Documents\NetBeansProjects\CALCULATOR\build\classes 
java_command: calculator.CALCULATOR
java_class_path (initial): C:\Users\user\Desktop\RXTXcomm.jar;C:\Users\user\Documents\NetBeansProjects\CALCULATOR\build\classes
Launcher Type: SUN_STANDARD

[Global flags]
     intx CICompilerCount                          = 4                                         {product} {ergonomic}
     uint ConcGCThreads                            = 2                                         {product} {ergonomic}
     uint G1ConcRefinementThreads                  = 8                                         {product} {ergonomic}
   size_t G1HeapRegionSize                         = 1048576                                   {product} {ergonomic}
    uintx GCDrainStackTargetSize                   = 64                                        {product} {ergonomic}
   size_t InitialHeapSize                          = 134217728                                 {product} {ergonomic}
   size_t MarkStackSize                            = 4194304                                   {product} {ergonomic}
   size_t MaxHeapSize                              = 2118123520                                {product} {ergonomic}
   size_t MaxNewSize                               = 1270874112                                {product} {ergonomic}
   size_t MinHeapDeltaBytes                        = 1048576                                   {product} {ergonomic}
   size_t MinHeapSize                              = 8388608                                   {product} {ergonomic}
    uintx NonNMethodCodeHeapSize                   = 5836300                                {pd product} {ergonomic}
    uintx NonProfiledCodeHeapSize                  = 122910970                              {pd product} {ergonomic}
    uintx ProfiledCodeHeapSize                     = 122910970                              {pd product} {ergonomic}
    uintx ReservedCodeCacheSize                    = 251658240                              {pd product} {ergonomic}
     bool SegmentedCodeCache                       = true                                      {product} {ergonomic}
   size_t SoftMaxHeapSize                          = 2118123520                             {manageable} {ergonomic}
     bool UseCompressedClassPointers               = true                                 {lp64_product} {ergonomic}
     bool UseCompressedOops                        = true                                 {lp64_product} {ergonomic}
     bool UseG1GC                                  = true                                      {product} {ergonomic}
     bool UseLargePagesIndividualAllocation        = false                                  {pd product} {ergonomic}

Logging:
Log output configuration:
 #0: stdout all=warning uptime,level,tags
 #1: stderr all=off uptime,level,tags

Environment Variables:
PATH=C:\WINDOWS\system32;C:\WINDOWS;C:\WINDOWS\System32\Wbem;C:\WINDOWS\System32\WindowsPowerShell\v1.0\;C:\WINDOWS\System32\OpenSSH\;C:\Program Files\Java\jdk-13\bin;C:\Users\user\AppData\Local\Programs\Python\Python37-32\Scripts\;C:\Users\user\AppData\Local\Programs\Python\Python37-32\;C:\Users\user\AppData\Local\Microsoft\WindowsApps;C:\Program Files\JetBrains\IntelliJ IDEA Community Edition 2019.2.4\bin;;C:\Program Files\JetBrains\PyCharm Community Edition 2019.2.4\bin;
USERNAME=Aditya
OS=Windows_NT
PROCESSOR_IDENTIFIER=Intel64 Family 6 Model 158 Stepping 9, GenuineIntel



---------------  S Y S T E M  ---------------

OS: Windows 10 , 64 bit Build 18362 (10.0.18362.329)

CPU:total 8 (initial active 8) (4 cores per cpu, 2 threads per core) family 6 model 158 stepping 9, cmov, cx8, fxsr, mmx, sse, sse2, sse3, ssse3, sse4.1, sse4.2, popcnt, avx, avx2, aes, clmul, erms, 3dnowpref, lzcnt, ht, tsc, tscinvbit, bmi1, bmi2, adx, fma

Memory: 4k page, system-wide physical 8076M (3575M free)
TotalPageFile size 12259M (AvailPageFile size 5725M)
current process WorkingSet (physical memory assigned to process): 33M, peak: 33M
current process commit charge ("private bytes"): 215M, peak: 215M

vm_info: Java HotSpot(TM) 64-Bit Server VM (13-ea+33) for windows-amd64 JRE (13-ea+33), built on Aug  9 2019 06:01:49 by "mach5one" with unknown MS VC++:1916

END.
